<?xml version="1.0" encoding="utf-8"?>
<coverage line-rate="0.2583" branch-rate="0.15810000000000002" version="1.9" timestamp="1769577835" lines-covered="524" lines-valid="2028" branches-covered="154" branches-valid="974">
  <sources>
    <source></source>
  </sources>
  <packages>
    <package name="AccountService" line-rate="0.21989999999999998" branch-rate="0.1416" complexity="273">
      <classes>
        <class name="Microsoft.AspNetCore.OpenApi.Generated.&lt;OpenApiXmlCommentSupport_generated&gt;F63E60F50E3C509889C46EE10867C3A4A27AC563420904D807BA730CA545D5118__XmlComment" filename="https://raw.githubusercontent.com/anubhavsharmawork/fintech/a5540a6c4f2a9ba0851f10019987a02d3f1d042d/AccountService/obj/Debug/net10.0/Microsoft.AspNetCore.OpenApi.SourceGenerators/Microsoft.AspNetCore.OpenApi.SourceGenerators.XmlCommentGenerator/OpenApiXmlCommentSupport.generated.cs" line-rate="0" branch-rate="1" complexity="10">
          <methods>
            <method name="get_Summary" signature="()" line-rate="0" branch-rate="1" complexity="1">
              <lines>
                <line number="47" hits="0" branch="False" />
              </lines>
            </method>
            <method name="get_Description" signature="()" line-rate="0" branch-rate="1" complexity="1">
              <lines>
                <line number="48" hits="0" branch="False" />
              </lines>
            </method>
            <method name="get_Remarks" signature="()" line-rate="0" branch-rate="1" complexity="1">
              <lines>
                <line number="49" hits="0" branch="False" />
              </lines>
            </method>
            <method name="get_Returns" signature="()" line-rate="0" branch-rate="1" complexity="1">
              <lines>
                <line number="50" hits="0" branch="False" />
              </lines>
            </method>
            <method name="get_Value" signature="()" line-rate="0" branch-rate="1" complexity="1">
              <lines>
                <line number="51" hits="0" branch="False" />
              </lines>
            </method>
            <method name="get_Deprecated" signature="()" line-rate="0" branch-rate="1" complexity="1">
              <lines>
                <line number="52" hits="0" branch="False" />
              </lines>
            </method>
            <method name="get_Examples" signature="()" line-rate="0" branch-rate="1" complexity="1">
              <lines>
                <line number="53" hits="0" branch="False" />
              </lines>
            </method>
            <method name="get_Parameters" signature="()" line-rate="0" branch-rate="1" complexity="1">
              <lines>
                <line number="54" hits="0" branch="False" />
              </lines>
            </method>
            <method name="get_Responses" signature="()" line-rate="0" branch-rate="1" complexity="1">
              <lines>
                <line number="55" hits="0" branch="False" />
              </lines>
            </method>
            <method name=".ctor" signature="(System.String,System.String,System.String,System.String,System.String,System.Boolean,System.Collections.Generic.List`1&lt;System.String&gt;,System.Collections.Generic.List`1&lt;Microsoft.AspNetCore.OpenApi.Generated.&lt;OpenApiXmlCommentSupport_generated&gt;F63E60F50E3C509889C46EE10867C3A4A27AC563420904D807BA730CA545D5118__XmlParameterComment&gt;,System.Collections.Generic.List`1&lt;Microsoft.AspNetCore.OpenApi.Generated.&lt;OpenApiXmlCommentSupport_generated&gt;F63E60F50E3C509889C46EE10867C3A4A27AC563420904D807BA730CA545D5118__XmlResponseComment&gt;)" line-rate="0" branch-rate="1" complexity="1">
              <lines>
                <line number="46" hits="0" branch="False" />
              </lines>
            </method>
          </methods>
          <lines>
            <line number="47" hits="0" branch="False" />
            <line number="48" hits="0" branch="False" />
            <line number="49" hits="0" branch="False" />
            <line number="50" hits="0" branch="False" />
            <line number="51" hits="0" branch="False" />
            <line number="52" hits="0" branch="False" />
            <line number="53" hits="0" branch="False" />
            <line number="54" hits="0" branch="False" />
            <line number="55" hits="0" branch="False" />
            <line number="46" hits="0" branch="False" />
          </lines>
        </class>
        <class name="Microsoft.AspNetCore.OpenApi.Generated.&lt;OpenApiXmlCommentSupport_generated&gt;F63E60F50E3C509889C46EE10867C3A4A27AC563420904D807BA730CA545D5118__XmlParameterComment" filename="https://raw.githubusercontent.com/anubhavsharmawork/fintech/a5540a6c4f2a9ba0851f10019987a02d3f1d042d/AccountService/obj/Debug/net10.0/Microsoft.AspNetCore.OpenApi.SourceGenerators/Microsoft.AspNetCore.OpenApi.SourceGenerators.XmlCommentGenerator/OpenApiXmlCommentSupport.generated.cs" line-rate="0" branch-rate="1" complexity="1">
          <methods>
            <method name="get_Name" signature="()" line-rate="0" branch-rate="1" complexity="1">
              <lines>
                <line number="58" hits="0" branch="False" />
              </lines>
            </method>
          </methods>
          <lines>
            <line number="58" hits="0" branch="False" />
          </lines>
        </class>
        <class name="Microsoft.AspNetCore.OpenApi.Generated.&lt;OpenApiXmlCommentSupport_generated&gt;F63E60F50E3C509889C46EE10867C3A4A27AC563420904D807BA730CA545D5118__XmlResponseComment" filename="https://raw.githubusercontent.com/anubhavsharmawork/fintech/a5540a6c4f2a9ba0851f10019987a02d3f1d042d/AccountService/obj/Debug/net10.0/Microsoft.AspNetCore.OpenApi.SourceGenerators/Microsoft.AspNetCore.OpenApi.SourceGenerators.XmlCommentGenerator/OpenApiXmlCommentSupport.generated.cs" line-rate="0" branch-rate="1" complexity="1">
          <methods>
            <method name="get_Code" signature="()" line-rate="0" branch-rate="1" complexity="1">
              <lines>
                <line number="61" hits="0" branch="False" />
              </lines>
            </method>
          </methods>
          <lines>
            <line number="61" hits="0" branch="False" />
          </lines>
        </class>
        <class name="Microsoft.AspNetCore.OpenApi.Generated.&lt;OpenApiXmlCommentSupport_generated&gt;F63E60F50E3C509889C46EE10867C3A4A27AC563420904D807BA730CA545D5118__XmlCommentCache" filename="https://raw.githubusercontent.com/anubhavsharmawork/fintech/a5540a6c4f2a9ba0851f10019987a02d3f1d042d/AccountService/obj/Debug/net10.0/Microsoft.AspNetCore.OpenApi.SourceGenerators/Microsoft.AspNetCore.OpenApi.SourceGenerators.XmlCommentGenerator/OpenApiXmlCommentSupport.generated.cs" line-rate="0" branch-rate="0" complexity="3">
          <methods>
            <method name="get_Cache" signature="()" line-rate="0" branch-rate="0" complexity="2">
              <lines>
                <line number="67" hits="0" branch="True" condition-coverage="0% (0/2)">
                  <conditions>
                    <condition number="16" type="jump" coverage="0%" />
                  </conditions>
                </line>
              </lines>
            </method>
            <method name="GenerateCacheEntries" signature="()" line-rate="0" branch-rate="1" complexity="1">
              <lines>
                <line number="70" hits="0" branch="False" />
                <line number="71" hits="0" branch="False" />
                <line number="74" hits="0" branch="False" />
                <line number="75" hits="0" branch="False" />
              </lines>
            </method>
          </methods>
          <lines>
            <line number="67" hits="0" branch="True" condition-coverage="0% (0/2)">
              <conditions>
                <condition number="16" type="jump" coverage="0%" />
              </conditions>
            </line>
            <line number="70" hits="0" branch="False" />
            <line number="71" hits="0" branch="False" />
            <line number="74" hits="0" branch="False" />
            <line number="75" hits="0" branch="False" />
          </lines>
        </class>
        <class name="Microsoft.AspNetCore.OpenApi.Generated.&lt;OpenApiXmlCommentSupport_generated&gt;F63E60F50E3C509889C46EE10867C3A4A27AC563420904D807BA730CA545D5118__DocumentationCommentIdHelper" filename="https://raw.githubusercontent.com/anubhavsharmawork/fintech/a5540a6c4f2a9ba0851f10019987a02d3f1d042d/AccountService/obj/Debug/net10.0/Microsoft.AspNetCore.OpenApi.SourceGenerators/Microsoft.AspNetCore.OpenApi.SourceGenerators.XmlCommentGenerator/OpenApiXmlCommentSupport.generated.cs" line-rate="0" branch-rate="0" complexity="68">
          <methods>
            <method name="CreateDocumentationId" signature="(System.Type)" line-rate="0" branch-rate="0" complexity="2">
              <lines>
                <line number="86" hits="0" branch="False" />
                <line number="87" hits="0" branch="True" condition-coverage="0% (0/2)">
                  <conditions>
                    <condition number="30" type="jump" coverage="0%" />
                  </conditions>
                </line>
                <line number="88" hits="0" branch="False" />
                <line number="89" hits="0" branch="False" />
                <line number="92" hits="0" branch="False" />
                <line number="93" hits="0" branch="False" />
              </lines>
            </method>
            <method name="CreateDocumentationId" signature="(System.Reflection.PropertyInfo)" line-rate="0" branch-rate="0" complexity="10">
              <lines>
                <line number="100" hits="0" branch="False" />
                <line number="101" hits="0" branch="True" condition-coverage="0% (0/2)">
                  <conditions>
                    <condition number="30" type="jump" coverage="0%" />
                  </conditions>
                </line>
                <line number="102" hits="0" branch="False" />
                <line number="103" hits="0" branch="False" />
                <line number="106" hits="0" branch="False" />
                <line number="107" hits="0" branch="False" />
                <line number="109" hits="0" branch="True" condition-coverage="0% (0/2)">
                  <conditions>
                    <condition number="146" type="jump" coverage="0%" />
                  </conditions>
                </line>
                <line number="110" hits="0" branch="False" />
                <line number="111" hits="0" branch="False" />
                <line number="112" hits="0" branch="False" />
                <line number="114" hits="0" branch="False" />
                <line number="115" hits="0" branch="False" />
                <line number="118" hits="0" branch="False" />
                <line number="119" hits="0" branch="True" condition-coverage="0% (0/2)">
                  <conditions>
                    <condition number="298" type="jump" coverage="0%" />
                  </conditions>
                </line>
                <line number="120" hits="0" branch="False" />
                <line number="121" hits="0" branch="False" />
                <line number="122" hits="0" branch="True" condition-coverage="0% (0/2)">
                  <conditions>
                    <condition number="545" type="jump" coverage="0%" />
                  </conditions>
                </line>
                <line number="123" hits="0" branch="False" />
                <line number="124" hits="0" branch="True" condition-coverage="0% (0/2)">
                  <conditions>
                    <condition number="401" type="jump" coverage="0%" />
                  </conditions>
                </line>
                <line number="125" hits="0" branch="False" />
                <line number="126" hits="0" branch="False" />
                <line number="127" hits="0" branch="False" />
                <line number="129" hits="0" branch="False" />
                <line number="130" hits="0" branch="False" />
                <line number="131" hits="0" branch="False" />
                <line number="132" hits="0" branch="False" />
                <line number="134" hits="0" branch="False" />
                <line number="135" hits="0" branch="False" />
              </lines>
            </method>
            <method name="CreateDocumentationId" signature="(System.Type,System.String)" line-rate="0" branch-rate="0" complexity="4">
              <lines>
                <line number="142" hits="0" branch="False" />
                <line number="143" hits="0" branch="True" condition-coverage="0% (0/2)">
                  <conditions>
                    <condition number="30" type="jump" coverage="0%" />
                  </conditions>
                </line>
                <line number="144" hits="0" branch="False" />
                <line number="145" hits="0" branch="False" />
                <line number="147" hits="0" branch="True" condition-coverage="0% (0/2)">
                  <conditions>
                    <condition number="102" type="jump" coverage="0%" />
                  </conditions>
                </line>
                <line number="148" hits="0" branch="False" />
                <line number="149" hits="0" branch="False" />
                <line number="152" hits="0" branch="False" />
                <line number="153" hits="0" branch="False" />
                <line number="154" hits="0" branch="False" />
                <line number="155" hits="0" branch="False" />
                <line number="156" hits="0" branch="False" />
                <line number="158" hits="0" branch="False" />
                <line number="159" hits="0" branch="False" />
              </lines>
            </method>
            <method name="CreateDocumentationId" signature="(System.Reflection.MethodInfo)" line-rate="0" branch-rate="0" complexity="18">
              <lines>
                <line number="168" hits="0" branch="False" />
                <line number="169" hits="0" branch="True" condition-coverage="0% (0/2)">
                  <conditions>
                    <condition number="30" type="jump" coverage="0%" />
                  </conditions>
                </line>
                <line number="170" hits="0" branch="False" />
                <line number="171" hits="0" branch="False" />
                <line number="174" hits="0" branch="False" />
                <line number="175" hits="0" branch="False" />
                <line number="178" hits="0" branch="True" condition-coverage="0% (0/2)">
                  <conditions>
                    <condition number="146" type="jump" coverage="0%" />
                  </conditions>
                </line>
                <line number="179" hits="0" branch="False" />
                <line number="180" hits="0" branch="False" />
                <line number="181" hits="0" branch="False" />
                <line number="183" hits="0" branch="False" />
                <line number="186" hits="0" branch="True" condition-coverage="0% (0/2)">
                  <conditions>
                    <condition number="259" type="jump" coverage="0%" />
                  </conditions>
                </line>
                <line number="187" hits="0" branch="False" />
                <line number="188" hits="0" branch="True" condition-coverage="0% (0/2)">
                  <conditions>
                    <condition number="299" type="jump" coverage="0%" />
                  </conditions>
                </line>
                <line number="189" hits="0" branch="False" />
                <line number="191" hits="0" branch="False" />
                <line number="192" hits="0" branch="False" />
                <line number="193" hits="0" branch="True" condition-coverage="0% (0/2)">
                  <conditions>
                    <condition number="419" type="jump" coverage="0%" />
                  </conditions>
                </line>
                <line number="194" hits="0" branch="False" />
                <line number="195" hits="0" branch="False" />
                <line number="196" hits="0" branch="False" />
                <line number="197" hits="0" branch="False" />
                <line number="198" hits="0" branch="False" />
                <line number="201" hits="0" branch="False" />
                <line number="202" hits="0" branch="True" condition-coverage="0% (0/2)">
                  <conditions>
                    <condition number="572" type="jump" coverage="0%" />
                  </conditions>
                </line>
                <line number="203" hits="0" branch="False" />
                <line number="204" hits="0" branch="False" />
                <line number="205" hits="0" branch="True" condition-coverage="0% (0/2)">
                  <conditions>
                    <condition number="819" type="jump" coverage="0%" />
                  </conditions>
                </line>
                <line number="206" hits="0" branch="False" />
                <line number="207" hits="0" branch="True" condition-coverage="0% (0/2)">
                  <conditions>
                    <condition number="675" type="jump" coverage="0%" />
                  </conditions>
                </line>
                <line number="208" hits="0" branch="False" />
                <line number="209" hits="0" branch="False" />
                <line number="210" hits="0" branch="False" />
                <line number="213" hits="0" branch="False" />
                <line number="214" hits="0" branch="False" />
                <line number="215" hits="0" branch="False" />
                <line number="216" hits="0" branch="False" />
                <line number="219" hits="0" branch="True" condition-coverage="0% (0/2)">
                  <conditions>
                    <condition number="909" type="jump" coverage="0%" />
                  </conditions>
                </line>
                <line number="220" hits="0" branch="False" />
                <line number="221" hits="0" branch="False" />
                <line number="223" hits="0" branch="False" />
                <line number="224" hits="0" branch="False" />
                <line number="226" hits="0" branch="False" />
                <line number="227" hits="0" branch="False" />
              </lines>
            </method>
            <method name="GetTypeDocId" signature="(System.Type,System.Boolean,System.Boolean)" line-rate="0" branch-rate="0" complexity="28">
              <lines>
                <line number="238" hits="0" branch="False" />
                <line number="239" hits="0" branch="True" condition-coverage="0% (0/2)">
                  <conditions>
                    <condition number="29" type="jump" coverage="0%" />
                  </conditions>
                </line>
                <line number="240" hits="0" branch="False" />
                <line number="242" hits="0" branch="True" condition-coverage="0% (0/2)">
                  <conditions>
                    <condition number="79" type="jump" coverage="0%" />
                  </conditions>
                </line>
                <line number="243" hits="0" branch="False" />
                <line number="244" hits="0" branch="False" />
                <line number="246" hits="0" branch="True" condition-coverage="0% (0/2)">
                  <conditions>
                    <condition number="178" type="jump" coverage="0%" />
                  </conditions>
                </line>
                <line number="247" hits="0" branch="False" />
                <line number="248" hits="0" branch="False" />
                <line number="251" hits="0" branch="False" />
                <line number="252" hits="0" branch="False" />
                <line number="256" hits="0" branch="True" condition-coverage="0% (0/2)">
                  <conditions>
                    <condition number="314" type="jump" coverage="0%" />
                  </conditions>
                </line>
                <line number="257" hits="0" branch="False" />
                <line number="258" hits="0" branch="False" />
                <line number="259" hits="0" branch="True" condition-coverage="0% (0/2)">
                  <conditions>
                    <condition number="376" type="jump" coverage="0%" />
                  </conditions>
                </line>
                <line number="261" hits="0" branch="False" />
                <line number="264" hits="0" branch="True" condition-coverage="0% (0/2)">
                  <conditions>
                    <condition number="737" type="jump" coverage="0%" />
                  </conditions>
                </line>
                <line number="265" hits="0" branch="False" />
                <line number="266" hits="0" branch="False" />
                <line number="267" hits="0" branch="True" condition-coverage="0% (0/2)">
                  <conditions>
                    <condition number="512" type="jump" coverage="0%" />
                  </conditions>
                </line>
                <line number="268" hits="0" branch="False" />
                <line number="269" hits="0" branch="False" />
                <line number="270" hits="0" branch="False" />
                <line number="271" hits="0" branch="True" condition-coverage="0% (0/2)">
                  <conditions>
                    <condition number="598" type="jump" coverage="0%" />
                  </conditions>
                </line>
                <line number="272" hits="0" branch="False" />
                <line number="273" hits="0" branch="False" />
                <line number="276" hits="0" branch="False" />
                <line number="277" hits="0" branch="False" />
                <line number="278" hits="0" branch="False" />
                <line number="279" hits="0" branch="False" />
                <line number="281" hits="0" branch="True" condition-coverage="0% (0/2)">
                  <conditions>
                    <condition number="770" type="jump" coverage="0%" />
                  </conditions>
                </line>
                <line number="282" hits="0" branch="False" />
                <line number="283" hits="0" branch="False" />
                <line number="284" hits="0" branch="False" />
                <line number="285" hits="0" branch="False" />
                <line number="286" hits="0" branch="False" />
                <line number="288" hits="0" branch="True" condition-coverage="0% (0/4)">
                  <conditions>
                    <condition number="901" type="jump" coverage="0%" />
                    <condition number="939" type="jump" coverage="0%" />
                  </conditions>
                </line>
                <line number="289" hits="0" branch="False" />
                <line number="290" hits="0" branch="False" />
                <line number="291" hits="0" branch="False" />
                <line number="293" hits="0" branch="True" condition-coverage="0% (0/2)">
                  <conditions>
                    <condition number="1204" type="jump" coverage="0%" />
                  </conditions>
                </line>
                <line number="294" hits="0" branch="False" />
                <line number="295" hits="0" branch="True" condition-coverage="0% (0/2)">
                  <conditions>
                    <condition number="1061" type="jump" coverage="0%" />
                  </conditions>
                </line>
                <line number="296" hits="0" branch="False" />
                <line number="297" hits="0" branch="False" />
                <line number="298" hits="0" branch="False" />
                <line number="300" hits="0" branch="False" />
                <line number="301" hits="0" branch="False" />
                <line number="303" hits="0" branch="False" />
                <line number="304" hits="0" branch="False" />
                <line number="306" hits="0" branch="False" />
                <line number="310" hits="0" branch="True" condition-coverage="0% (0/2)">
                  <conditions>
                    <condition number="1307" type="jump" coverage="0%" />
                  </conditions>
                </line>
                <line number="311" hits="0" branch="False" />
              </lines>
            </method>
            <method name="NormalizeDocId" signature="(System.String)" line-rate="0" branch-rate="0" complexity="6">
              <lines>
                <line number="320" hits="0" branch="False" />
                <line number="322" hits="0" branch="False" />
                <line number="323" hits="0" branch="True" condition-coverage="0% (0/2)">
                  <conditions>
                    <condition number="46" type="jump" coverage="0%" />
                  </conditions>
                </line>
                <line number="324" hits="0" branch="False" />
                <line number="326" hits="0" branch="False" />
                <line number="331" hits="0" branch="True" condition-coverage="0% (0/4)">
                  <conditions>
                    <condition number="117" type="jump" coverage="0%" />
                    <condition number="155" type="jump" coverage="0%" />
                  </conditions>
                </line>
                <line number="332" hits="0" branch="False" />
                <line number="333" hits="0" branch="False" />
                <line number="337" hits="0" branch="False" />
                <line number="338" hits="0" branch="False" />
              </lines>
            </method>
          </methods>
          <lines>
            <line number="86" hits="0" branch="False" />
            <line number="87" hits="0" branch="True" condition-coverage="0% (0/2)">
              <conditions>
                <condition number="30" type="jump" coverage="0%" />
              </conditions>
            </line>
            <line number="88" hits="0" branch="False" />
            <line number="89" hits="0" branch="False" />
            <line number="92" hits="0" branch="False" />
            <line number="93" hits="0" branch="False" />
            <line number="100" hits="0" branch="False" />
            <line number="101" hits="0" branch="True" condition-coverage="0% (0/2)">
              <conditions>
                <condition number="30" type="jump" coverage="0%" />
              </conditions>
            </line>
            <line number="102" hits="0" branch="False" />
            <line number="103" hits="0" branch="False" />
            <line number="106" hits="0" branch="False" />
            <line number="107" hits="0" branch="False" />
            <line number="109" hits="0" branch="True" condition-coverage="0% (0/2)">
              <conditions>
                <condition number="146" type="jump" coverage="0%" />
              </conditions>
            </line>
            <line number="110" hits="0" branch="False" />
            <line number="111" hits="0" branch="False" />
            <line number="112" hits="0" branch="False" />
            <line number="114" hits="0" branch="False" />
            <line number="115" hits="0" branch="False" />
            <line number="118" hits="0" branch="False" />
            <line number="119" hits="0" branch="True" condition-coverage="0% (0/2)">
              <conditions>
                <condition number="298" type="jump" coverage="0%" />
              </conditions>
            </line>
            <line number="120" hits="0" branch="False" />
            <line number="121" hits="0" branch="False" />
            <line number="122" hits="0" branch="True" condition-coverage="0% (0/2)">
              <conditions>
                <condition number="545" type="jump" coverage="0%" />
              </conditions>
            </line>
            <line number="123" hits="0" branch="False" />
            <line number="124" hits="0" branch="True" condition-coverage="0% (0/2)">
              <conditions>
                <condition number="401" type="jump" coverage="0%" />
              </conditions>
            </line>
            <line number="125" hits="0" branch="False" />
            <line number="126" hits="0" branch="False" />
            <line number="127" hits="0" branch="False" />
            <line number="129" hits="0" branch="False" />
            <line number="130" hits="0" branch="False" />
            <line number="131" hits="0" branch="False" />
            <line number="132" hits="0" branch="False" />
            <line number="134" hits="0" branch="False" />
            <line number="135" hits="0" branch="False" />
            <line number="142" hits="0" branch="False" />
            <line number="143" hits="0" branch="True" condition-coverage="0% (0/2)">
              <conditions>
                <condition number="30" type="jump" coverage="0%" />
              </conditions>
            </line>
            <line number="144" hits="0" branch="False" />
            <line number="145" hits="0" branch="False" />
            <line number="147" hits="0" branch="True" condition-coverage="0% (0/2)">
              <conditions>
                <condition number="102" type="jump" coverage="0%" />
              </conditions>
            </line>
            <line number="148" hits="0" branch="False" />
            <line number="149" hits="0" branch="False" />
            <line number="152" hits="0" branch="False" />
            <line number="153" hits="0" branch="False" />
            <line number="154" hits="0" branch="False" />
            <line number="155" hits="0" branch="False" />
            <line number="156" hits="0" branch="False" />
            <line number="158" hits="0" branch="False" />
            <line number="159" hits="0" branch="False" />
            <line number="168" hits="0" branch="False" />
            <line number="169" hits="0" branch="True" condition-coverage="0% (0/2)">
              <conditions>
                <condition number="30" type="jump" coverage="0%" />
              </conditions>
            </line>
            <line number="170" hits="0" branch="False" />
            <line number="171" hits="0" branch="False" />
            <line number="174" hits="0" branch="False" />
            <line number="175" hits="0" branch="False" />
            <line number="178" hits="0" branch="True" condition-coverage="0% (0/2)">
              <conditions>
                <condition number="146" type="jump" coverage="0%" />
              </conditions>
            </line>
            <line number="179" hits="0" branch="False" />
            <line number="180" hits="0" branch="False" />
            <line number="181" hits="0" branch="False" />
            <line number="183" hits="0" branch="False" />
            <line number="186" hits="0" branch="True" condition-coverage="0% (0/2)">
              <conditions>
                <condition number="259" type="jump" coverage="0%" />
              </conditions>
            </line>
            <line number="187" hits="0" branch="False" />
            <line number="188" hits="0" branch="True" condition-coverage="0% (0/2)">
              <conditions>
                <condition number="299" type="jump" coverage="0%" />
              </conditions>
            </line>
            <line number="189" hits="0" branch="False" />
            <line number="191" hits="0" branch="False" />
            <line number="192" hits="0" branch="False" />
            <line number="193" hits="0" branch="True" condition-coverage="0% (0/2)">
              <conditions>
                <condition number="419" type="jump" coverage="0%" />
              </conditions>
            </line>
            <line number="194" hits="0" branch="False" />
            <line number="195" hits="0" branch="False" />
            <line number="196" hits="0" branch="False" />
            <line number="197" hits="0" branch="False" />
            <line number="198" hits="0" branch="False" />
            <line number="201" hits="0" branch="False" />
            <line number="202" hits="0" branch="True" condition-coverage="0% (0/2)">
              <conditions>
                <condition number="572" type="jump" coverage="0%" />
              </conditions>
            </line>
            <line number="203" hits="0" branch="False" />
            <line number="204" hits="0" branch="False" />
            <line number="205" hits="0" branch="True" condition-coverage="0% (0/2)">
              <conditions>
                <condition number="819" type="jump" coverage="0%" />
              </conditions>
            </line>
            <line number="206" hits="0" branch="False" />
            <line number="207" hits="0" branch="True" condition-coverage="0% (0/2)">
              <conditions>
                <condition number="675" type="jump" coverage="0%" />
              </conditions>
            </line>
            <line number="208" hits="0" branch="False" />
            <line number="209" hits="0" branch="False" />
            <line number="210" hits="0" branch="False" />
            <line number="213" hits="0" branch="False" />
            <line number="214" hits="0" branch="False" />
            <line number="215" hits="0" branch="False" />
            <line number="216" hits="0" branch="False" />
            <line number="219" hits="0" branch="True" condition-coverage="0% (0/2)">
              <conditions>
                <condition number="909" type="jump" coverage="0%" />
              </conditions>
            </line>
            <line number="220" hits="0" branch="False" />
            <line number="221" hits="0" branch="False" />
            <line number="223" hits="0" branch="False" />
            <line number="224" hits="0" branch="False" />
            <line number="226" hits="0" branch="False" />
            <line number="227" hits="0" branch="False" />
            <line number="238" hits="0" branch="False" />
            <line number="239" hits="0" branch="True" condition-coverage="0% (0/2)">
              <conditions>
                <condition number="29" type="jump" coverage="0%" />
              </conditions>
            </line>
            <line number="240" hits="0" branch="False" />
            <line number="242" hits="0" branch="True" condition-coverage="0% (0/2)">
              <conditions>
                <condition number="79" type="jump" coverage="0%" />
              </conditions>
            </line>
            <line number="243" hits="0" branch="False" />
            <line number="244" hits="0" branch="False" />
            <line number="246" hits="0" branch="True" condition-coverage="0% (0/2)">
              <conditions>
                <condition number="178" type="jump" coverage="0%" />
              </conditions>
            </line>
            <line number="247" hits="0" branch="False" />
            <line number="248" hits="0" branch="False" />
            <line number="251" hits="0" branch="False" />
            <line number="252" hits="0" branch="False" />
            <line number="256" hits="0" branch="True" condition-coverage="0% (0/2)">
              <conditions>
                <condition number="314" type="jump" coverage="0%" />
              </conditions>
            </line>
            <line number="257" hits="0" branch="False" />
            <line number="258" hits="0" branch="False" />
            <line number="259" hits="0" branch="True" condition-coverage="0% (0/2)">
              <conditions>
                <condition number="376" type="jump" coverage="0%" />
              </conditions>
            </line>
            <line number="261" hits="0" branch="False" />
            <line number="264" hits="0" branch="True" condition-coverage="0% (0/2)">
              <conditions>
                <condition number="737" type="jump" coverage="0%" />
              </conditions>
            </line>
            <line number="265" hits="0" branch="False" />
            <line number="266" hits="0" branch="False" />
            <line number="267" hits="0" branch="True" condition-coverage="0% (0/2)">
              <conditions>
                <condition number="512" type="jump" coverage="0%" />
              </conditions>
            </line>
            <line number="268" hits="0" branch="False" />
            <line number="269" hits="0" branch="False" />
            <line number="270" hits="0" branch="False" />
            <line number="271" hits="0" branch="True" condition-coverage="0% (0/2)">
              <conditions>
                <condition number="598" type="jump" coverage="0%" />
              </conditions>
            </line>
            <line number="272" hits="0" branch="False" />
            <line number="273" hits="0" branch="False" />
            <line number="276" hits="0" branch="False" />
            <line number="277" hits="0" branch="False" />
            <line number="278" hits="0" branch="False" />
            <line number="279" hits="0" branch="False" />
            <line number="281" hits="0" branch="True" condition-coverage="0% (0/2)">
              <conditions>
                <condition number="770" type="jump" coverage="0%" />
              </conditions>
            </line>
            <line number="282" hits="0" branch="False" />
            <line number="283" hits="0" branch="False" />
            <line number="284" hits="0" branch="False" />
            <line number="285" hits="0" branch="False" />
            <line number="286" hits="0" branch="False" />
            <line number="288" hits="0" branch="True" condition-coverage="0% (0/4)">
              <conditions>
                <condition number="901" type="jump" coverage="0%" />
                <condition number="939" type="jump" coverage="0%" />
              </conditions>
            </line>
            <line number="289" hits="0" branch="False" />
            <line number="290" hits="0" branch="False" />
            <line number="291" hits="0" branch="False" />
            <line number="293" hits="0" branch="True" condition-coverage="0% (0/2)">
              <conditions>
                <condition number="1204" type="jump" coverage="0%" />
              </conditions>
            </line>
            <line number="294" hits="0" branch="False" />
            <line number="295" hits="0" branch="True" condition-coverage="0% (0/2)">
              <conditions>
                <condition number="1061" type="jump" coverage="0%" />
              </conditions>
            </line>
            <line number="296" hits="0" branch="False" />
            <line number="297" hits="0" branch="False" />
            <line number="298" hits="0" branch="False" />
            <line number="300" hits="0" branch="False" />
            <line number="301" hits="0" branch="False" />
            <line number="303" hits="0" branch="False" />
            <line number="304" hits="0" branch="False" />
            <line number="306" hits="0" branch="False" />
            <line number="310" hits="0" branch="True" condition-coverage="0% (0/2)">
              <conditions>
                <condition number="1307" type="jump" coverage="0%" />
              </conditions>
            </line>
            <line number="311" hits="0" branch="False" />
            <line number="320" hits="0" branch="False" />
            <line number="322" hits="0" branch="False" />
            <line number="323" hits="0" branch="True" condition-coverage="0% (0/2)">
              <conditions>
                <condition number="46" type="jump" coverage="0%" />
              </conditions>
            </line>
            <line number="324" hits="0" branch="False" />
            <line number="326" hits="0" branch="False" />
            <line number="331" hits="0" branch="True" condition-coverage="0% (0/4)">
              <conditions>
                <condition number="117" type="jump" coverage="0%" />
                <condition number="155" type="jump" coverage="0%" />
              </conditions>
            </line>
            <line number="332" hits="0" branch="False" />
            <line number="333" hits="0" branch="False" />
            <line number="337" hits="0" branch="False" />
            <line number="338" hits="0" branch="False" />
          </lines>
        </class>
        <class name="Microsoft.AspNetCore.OpenApi.Generated.&lt;OpenApiXmlCommentSupport_generated&gt;F63E60F50E3C509889C46EE10867C3A4A27AC563420904D807BA730CA545D5118__XmlCommentOperationTransformer" filename="https://raw.githubusercontent.com/anubhavsharmawork/fintech/a5540a6c4f2a9ba0851f10019987a02d3f1d042d/AccountService/obj/Debug/net10.0/Microsoft.AspNetCore.OpenApi.SourceGenerators/Microsoft.AspNetCore.OpenApi.SourceGenerators.XmlCommentGenerator/OpenApiXmlCommentSupport.generated.cs" line-rate="0" branch-rate="0" complexity="98">
          <methods>
            <method name="TransformAsync" signature="(Microsoft.OpenApi.OpenApiOperation,Microsoft.AspNetCore.OpenApi.OpenApiOperationTransformerContext,System.Threading.CancellationToken)" line-rate="0" branch-rate="0" complexity="92">
              <lines>
                <line number="345" hits="0" branch="False" />
                <line number="346" hits="0" branch="True" condition-coverage="0% (0/2)">
                  <conditions>
                    <condition number="39" type="jump" coverage="0%" />
                  </conditions>
                </line>
                <line number="347" hits="0" branch="False" />
                <line number="348" hits="0" branch="False" />
                <line number="350" hits="0" branch="True" condition-coverage="0% (0/2)">
                  <conditions>
                    <condition number="112" type="jump" coverage="0%" />
                  </conditions>
                </line>
                <line number="351" hits="0" branch="False" />
                <line number="352" hits="0" branch="False" />
                <line number="354" hits="0" branch="True" condition-coverage="0% (0/2)">
                  <conditions>
                    <condition number="204" type="jump" coverage="0%" />
                  </conditions>
                </line>
                <line number="355" hits="0" branch="False" />
                <line number="356" hits="0" branch="True" condition-coverage="0% (0/2)">
                  <conditions>
                    <condition number="257" type="jump" coverage="0%" />
                  </conditions>
                </line>
                <line number="357" hits="0" branch="False" />
                <line number="358" hits="0" branch="False" />
                <line number="359" hits="0" branch="False" />
                <line number="360" hits="0" branch="True" condition-coverage="0% (0/2)">
                  <conditions>
                    <condition number="347" type="jump" coverage="0%" />
                  </conditions>
                </line>
                <line number="361" hits="0" branch="False" />
                <line number="362" hits="0" branch="False" />
                <line number="363" hits="0" branch="False" />
                <line number="364" hits="0" branch="True" condition-coverage="0% (0/2)">
                  <conditions>
                    <condition number="437" type="jump" coverage="0%" />
                  </conditions>
                </line>
                <line number="365" hits="0" branch="False" />
                <line number="366" hits="0" branch="False" />
                <line number="367" hits="0" branch="False" />
                <line number="368" hits="0" branch="True" condition-coverage="0% (0/4)">
                  <conditions>
                    <condition number="520" type="jump" coverage="0%" />
                    <condition number="559" type="jump" coverage="0%" />
                  </conditions>
                </line>
                <line number="369" hits="0" branch="False" />
                <line number="370" hits="0" branch="True" condition-coverage="0% (0/2)">
                  <conditions>
                    <condition number="1568" type="jump" coverage="0%" />
                  </conditions>
                </line>
                <line number="371" hits="0" branch="False" />
                <line number="372" hits="0" branch="False" />
                <line number="373" hits="0" branch="True" condition-coverage="0% (0/2)">
                  <conditions>
                    <condition number="729" type="jump" coverage="0%" />
                  </conditions>
                </line>
                <line number="374" hits="0" branch="True" condition-coverage="0% (0/2)">
                  <conditions>
                    <condition number="794" type="jump" coverage="0%" />
                  </conditions>
                </line>
                <line number="375" hits="0" branch="False" />
                <line number="376" hits="0" branch="False" />
                <line number="377" hits="0" branch="False" />
                <line number="378" hits="0" branch="True" condition-coverage="0% (0/2)">
                  <conditions>
                    <condition number="902" type="jump" coverage="0%" />
                  </conditions>
                </line>
                <line number="379" hits="0" branch="False" />
                <line number="380" hits="0" branch="False" />
                <line number="381" hits="0" branch="False" />
                <line number="382" hits="0" branch="False" />
                <line number="383" hits="0" branch="False" />
                <line number="385" hits="0" branch="False" />
                <line number="386" hits="0" branch="False" />
                <line number="387" hits="0" branch="True" condition-coverage="0% (0/2)">
                  <conditions>
                    <condition number="1075" type="jump" coverage="0%" />
                  </conditions>
                </line>
                <line number="388" hits="0" branch="False" />
                <line number="389" hits="0" branch="False" />
                <line number="390" hits="0" branch="True" condition-coverage="0% (0/2)">
                  <conditions>
                    <condition number="1164" type="jump" coverage="0%" />
                  </conditions>
                </line>
                <line number="391" hits="0" branch="False" />
                <line number="392" hits="0" branch="True" condition-coverage="0% (0/4)">
                  <conditions>
                    <condition number="1202" type="jump" coverage="0%" />
                    <condition number="1235" type="jump" coverage="0%" />
                  </conditions>
                </line>
                <line number="393" hits="0" branch="True" condition-coverage="0% (0/2)">
                  <conditions>
                    <condition number="1287" type="jump" coverage="0%" />
                  </conditions>
                </line>
                <line number="394" hits="0" branch="False" />
                <line number="395" hits="0" branch="False" />
                <line number="397" hits="0" branch="True" condition-coverage="0% (0/2)">
                  <conditions>
                    <condition number="1460" type="jump" coverage="0%" />
                  </conditions>
                </line>
                <line number="398" hits="0" branch="False" />
                <line number="399" hits="0" branch="False" />
                <line number="400" hits="0" branch="False" />
                <line number="401" hits="0" branch="False" />
                <line number="402" hits="0" branch="False" />
                <line number="403" hits="0" branch="False" />
                <line number="404" hits="0" branch="False" />
                <line number="405" hits="0" branch="False" />
                <line number="407" hits="0" branch="True" condition-coverage="0% (0/6)">
                  <conditions>
                    <condition number="1641" type="jump" coverage="0%" />
                    <condition number="1663" type="jump" coverage="0%" />
                    <condition number="1715" type="jump" coverage="0%" />
                  </conditions>
                </line>
                <line number="408" hits="0" branch="False" />
                <line number="409" hits="0" branch="False" />
                <line number="410" hits="0" branch="False" />
                <line number="411" hits="0" branch="False" />
                <line number="413" hits="0" branch="True" condition-coverage="0% (0/8)">
                  <conditions>
                    <condition number="1827" type="jump" coverage="0%" />
                    <condition number="1847" type="jump" coverage="0%" />
                    <condition number="1869" type="jump" coverage="0%" />
                    <condition number="1931" type="jump" coverage="0%" />
                  </conditions>
                </line>
                <line number="414" hits="0" branch="False" />
                <line number="415" hits="0" branch="True" condition-coverage="0% (0/2)">
                  <conditions>
                    <condition number="2210" type="jump" coverage="0%" />
                  </conditions>
                </line>
                <line number="416" hits="0" branch="False" />
                <line number="417" hits="0" branch="False" />
                <line number="418" hits="0" branch="True" condition-coverage="0% (0/2)">
                  <conditions>
                    <condition number="2103" type="jump" coverage="0%" />
                  </conditions>
                </line>
                <line number="419" hits="0" branch="False" />
                <line number="420" hits="0" branch="False" />
                <line number="421" hits="0" branch="False" />
                <line number="422" hits="0" branch="False" />
                <line number="423" hits="0" branch="False" />
                <line number="424" hits="0" branch="False" />
                <line number="425" hits="0" branch="True" condition-coverage="0% (0/2)">
                  <conditions>
                    <condition number="3784" type="jump" coverage="0%" />
                  </conditions>
                </line>
                <line number="426" hits="0" branch="False" />
                <line number="427" hits="0" branch="False" />
                <line number="428" hits="0" branch="True" condition-coverage="0% (0/6)">
                  <conditions>
                    <condition number="2422" type="jump" coverage="0%" />
                    <condition number="2450" type="jump" coverage="0%" />
                    <condition number="2508" type="jump" coverage="0%" />
                  </conditions>
                </line>
                <line number="429" hits="0" branch="False" />
                <line number="430" hits="0" branch="False" />
                <line number="431" hits="0" branch="False" />
                <line number="432" hits="0" branch="False" />
                <line number="433" hits="0" branch="True" condition-coverage="0% (0/2)">
                  <conditions>
                    <condition number="2588" type="jump" coverage="0%" />
                  </conditions>
                </line>
                <line number="434" hits="0" branch="False" />
                <line number="435" hits="0" branch="True" condition-coverage="0% (0/2)">
                  <conditions>
                    <condition number="2631" type="jump" coverage="0%" />
                  </conditions>
                </line>
                <line number="436" hits="0" branch="False" />
                <line number="437" hits="0" branch="True" condition-coverage="0% (0/4)">
                  <conditions>
                    <condition number="2713" type="jump" coverage="0%" />
                    <condition number="2757" type="jump" coverage="0%" />
                  </conditions>
                </line>
                <line number="438" hits="0" branch="False" />
                <line number="439" hits="0" branch="False" />
                <line number="440" hits="0" branch="False" />
                <line number="441" hits="0" branch="True" condition-coverage="0% (0/2)">
                  <conditions>
                    <condition number="2855" type="jump" coverage="0%" />
                  </conditions>
                </line>
                <line number="442" hits="0" branch="False" />
                <line number="443" hits="0" branch="False" />
                <line number="444" hits="0" branch="False" />
                <line number="445" hits="0" branch="True" condition-coverage="0% (0/2)">
                  <conditions>
                    <condition number="2937" type="jump" coverage="0%" />
                  </conditions>
                </line>
                <line number="446" hits="0" branch="False" />
                <line number="447" hits="0" branch="True" condition-coverage="0% (0/2)">
                  <conditions>
                    <condition number="2989" type="jump" coverage="0%" />
                  </conditions>
                </line>
                <line number="448" hits="0" branch="False" />
                <line number="449" hits="0" branch="False" />
                <line number="450" hits="0" branch="True" condition-coverage="0% (0/4)">
                  <conditions>
                    <condition number="3057" type="jump" coverage="0%" />
                    <condition number="3099" type="jump" coverage="0%" />
                  </conditions>
                </line>
                <line number="451" hits="0" branch="False" />
                <line number="452" hits="0" branch="True" condition-coverage="0% (0/2)">
                  <conditions>
                    <condition number="3147" type="jump" coverage="0%" />
                  </conditions>
                </line>
                <line number="453" hits="0" branch="True" condition-coverage="0% (0/2)">
                  <conditions>
                    <condition number="3199" type="jump" coverage="0%" />
                  </conditions>
                </line>
                <line number="454" hits="0" branch="False" />
                <line number="455" hits="0" branch="False" />
                <line number="457" hits="0" branch="False" />
                <line number="458" hits="0" branch="True" condition-coverage="0% (0/2)">
                  <conditions>
                    <condition number="3386" type="jump" coverage="0%" />
                  </conditions>
                </line>
                <line number="459" hits="0" branch="False" />
                <line number="460" hits="0" branch="False" />
                <line number="461" hits="0" branch="False" />
                <line number="462" hits="0" branch="False" />
                <line number="463" hits="0" branch="False" />
                <line number="464" hits="0" branch="False" />
                <line number="466" hits="0" branch="False" />
                <line number="467" hits="0" branch="True" condition-coverage="0% (0/2)">
                  <conditions>
                    <condition number="3508" type="jump" coverage="0%" />
                  </conditions>
                </line>
                <line number="468" hits="0" branch="False" />
                <line number="469" hits="0" branch="False" />
                <line number="470" hits="0" branch="True" condition-coverage="0% (0/4)">
                  <conditions>
                    <condition number="3572" type="jump" coverage="0%" />
                    <condition number="3614" type="jump" coverage="0%" />
                  </conditions>
                </line>
                <line number="471" hits="0" branch="False" />
                <line number="472" hits="0" branch="False" />
                <line number="473" hits="0" branch="False" />
                <line number="474" hits="0" branch="False" />
                <line number="475" hits="0" branch="False" />
                <line number="476" hits="0" branch="False" />
                <line number="477" hits="0" branch="False" />
                <line number="479" hits="0" branch="False" />
                <line number="480" hits="0" branch="False" />
              </lines>
            </method>
            <method name="UnwrapOpenApiParameter" signature="(Microsoft.OpenApi.IOpenApiParameter)" line-rate="0" branch-rate="0" complexity="6">
              <lines>
                <line number="483" hits="0" branch="False" />
                <line number="484" hits="0" branch="True" condition-coverage="0% (0/2)">
                  <conditions>
                    <condition number="34" type="jump" coverage="0%" />
                  </conditions>
                </line>
                <line number="485" hits="0" branch="False" />
                <line number="486" hits="0" branch="True" condition-coverage="0% (0/2)">
                  <conditions>
                    <condition number="88" type="jump" coverage="0%" />
                  </conditions>
                </line>
                <line number="487" hits="0" branch="False" />
                <line number="488" hits="0" branch="False" />
                <line number="491" hits="0" branch="False" />
                <line number="492" hits="0" branch="False" />
                <line number="495" hits="0" branch="True" condition-coverage="0% (0/2)">
                  <conditions>
                    <condition number="208" type="jump" coverage="0%" />
                  </conditions>
                </line>
                <line number="496" hits="0" branch="False" />
                <line number="497" hits="0" branch="False" />
                <line number="500" hits="0" branch="False" />
                <line number="501" hits="0" branch="False" />
                <line number="503" hits="0" branch="False" />
              </lines>
            </method>
          </methods>
          <lines>
            <line number="345" hits="0" branch="False" />
            <line number="346" hits="0" branch="True" condition-coverage="0% (0/2)">
              <conditions>
                <condition number="39" type="jump" coverage="0%" />
              </conditions>
            </line>
            <line number="347" hits="0" branch="False" />
            <line number="348" hits="0" branch="False" />
            <line number="350" hits="0" branch="True" condition-coverage="0% (0/2)">
              <conditions>
                <condition number="112" type="jump" coverage="0%" />
              </conditions>
            </line>
            <line number="351" hits="0" branch="False" />
            <line number="352" hits="0" branch="False" />
            <line number="354" hits="0" branch="True" condition-coverage="0% (0/2)">
              <conditions>
                <condition number="204" type="jump" coverage="0%" />
              </conditions>
            </line>
            <line number="355" hits="0" branch="False" />
            <line number="356" hits="0" branch="True" condition-coverage="0% (0/2)">
              <conditions>
                <condition number="257" type="jump" coverage="0%" />
              </conditions>
            </line>
            <line number="357" hits="0" branch="False" />
            <line number="358" hits="0" branch="False" />
            <line number="359" hits="0" branch="False" />
            <line number="360" hits="0" branch="True" condition-coverage="0% (0/2)">
              <conditions>
                <condition number="347" type="jump" coverage="0%" />
              </conditions>
            </line>
            <line number="361" hits="0" branch="False" />
            <line number="362" hits="0" branch="False" />
            <line number="363" hits="0" branch="False" />
            <line number="364" hits="0" branch="True" condition-coverage="0% (0/2)">
              <conditions>
                <condition number="437" type="jump" coverage="0%" />
              </conditions>
            </line>
            <line number="365" hits="0" branch="False" />
            <line number="366" hits="0" branch="False" />
            <line number="367" hits="0" branch="False" />
            <line number="368" hits="0" branch="True" condition-coverage="0% (0/4)">
              <conditions>
                <condition number="520" type="jump" coverage="0%" />
                <condition number="559" type="jump" coverage="0%" />
              </conditions>
            </line>
            <line number="369" hits="0" branch="False" />
            <line number="370" hits="0" branch="True" condition-coverage="0% (0/2)">
              <conditions>
                <condition number="1568" type="jump" coverage="0%" />
              </conditions>
            </line>
            <line number="371" hits="0" branch="False" />
            <line number="372" hits="0" branch="False" />
            <line number="373" hits="0" branch="True" condition-coverage="0% (0/2)">
              <conditions>
                <condition number="729" type="jump" coverage="0%" />
              </conditions>
            </line>
            <line number="374" hits="0" branch="True" condition-coverage="0% (0/2)">
              <conditions>
                <condition number="794" type="jump" coverage="0%" />
              </conditions>
            </line>
            <line number="375" hits="0" branch="False" />
            <line number="376" hits="0" branch="False" />
            <line number="377" hits="0" branch="False" />
            <line number="378" hits="0" branch="True" condition-coverage="0% (0/2)">
              <conditions>
                <condition number="902" type="jump" coverage="0%" />
              </conditions>
            </line>
            <line number="379" hits="0" branch="False" />
            <line number="380" hits="0" branch="False" />
            <line number="381" hits="0" branch="False" />
            <line number="382" hits="0" branch="False" />
            <line number="383" hits="0" branch="False" />
            <line number="385" hits="0" branch="False" />
            <line number="386" hits="0" branch="False" />
            <line number="387" hits="0" branch="True" condition-coverage="0% (0/2)">
              <conditions>
                <condition number="1075" type="jump" coverage="0%" />
              </conditions>
            </line>
            <line number="388" hits="0" branch="False" />
            <line number="389" hits="0" branch="False" />
            <line number="390" hits="0" branch="True" condition-coverage="0% (0/2)">
              <conditions>
                <condition number="1164" type="jump" coverage="0%" />
              </conditions>
            </line>
            <line number="391" hits="0" branch="False" />
            <line number="392" hits="0" branch="True" condition-coverage="0% (0/4)">
              <conditions>
                <condition number="1202" type="jump" coverage="0%" />
                <condition number="1235" type="jump" coverage="0%" />
              </conditions>
            </line>
            <line number="393" hits="0" branch="True" condition-coverage="0% (0/2)">
              <conditions>
                <condition number="1287" type="jump" coverage="0%" />
              </conditions>
            </line>
            <line number="394" hits="0" branch="False" />
            <line number="395" hits="0" branch="False" />
            <line number="397" hits="0" branch="True" condition-coverage="0% (0/2)">
              <conditions>
                <condition number="1460" type="jump" coverage="0%" />
              </conditions>
            </line>
            <line number="398" hits="0" branch="False" />
            <line number="399" hits="0" branch="False" />
            <line number="400" hits="0" branch="False" />
            <line number="401" hits="0" branch="False" />
            <line number="402" hits="0" branch="False" />
            <line number="403" hits="0" branch="False" />
            <line number="404" hits="0" branch="False" />
            <line number="405" hits="0" branch="False" />
            <line number="407" hits="0" branch="True" condition-coverage="0% (0/6)">
              <conditions>
                <condition number="1641" type="jump" coverage="0%" />
                <condition number="1663" type="jump" coverage="0%" />
                <condition number="1715" type="jump" coverage="0%" />
              </conditions>
            </line>
            <line number="408" hits="0" branch="False" />
            <line number="409" hits="0" branch="False" />
            <line number="410" hits="0" branch="False" />
            <line number="411" hits="0" branch="False" />
            <line number="413" hits="0" branch="True" condition-coverage="0% (0/8)">
              <conditions>
                <condition number="1827" type="jump" coverage="0%" />
                <condition number="1847" type="jump" coverage="0%" />
                <condition number="1869" type="jump" coverage="0%" />
                <condition number="1931" type="jump" coverage="0%" />
              </conditions>
            </line>
            <line number="414" hits="0" branch="False" />
            <line number="415" hits="0" branch="True" condition-coverage="0% (0/2)">
              <conditions>
                <condition number="2210" type="jump" coverage="0%" />
              </conditions>
            </line>
            <line number="416" hits="0" branch="False" />
            <line number="417" hits="0" branch="False" />
            <line number="418" hits="0" branch="True" condition-coverage="0% (0/2)">
              <conditions>
                <condition number="2103" type="jump" coverage="0%" />
              </conditions>
            </line>
            <line number="419" hits="0" branch="False" />
            <line number="420" hits="0" branch="False" />
            <line number="421" hits="0" branch="False" />
            <line number="422" hits="0" branch="False" />
            <line number="423" hits="0" branch="False" />
            <line number="424" hits="0" branch="False" />
            <line number="425" hits="0" branch="True" condition-coverage="0% (0/2)">
              <conditions>
                <condition number="3784" type="jump" coverage="0%" />
              </conditions>
            </line>
            <line number="426" hits="0" branch="False" />
            <line number="427" hits="0" branch="False" />
            <line number="428" hits="0" branch="True" condition-coverage="0% (0/6)">
              <conditions>
                <condition number="2422" type="jump" coverage="0%" />
                <condition number="2450" type="jump" coverage="0%" />
                <condition number="2508" type="jump" coverage="0%" />
              </conditions>
            </line>
            <line number="429" hits="0" branch="False" />
            <line number="430" hits="0" branch="False" />
            <line number="431" hits="0" branch="False" />
            <line number="432" hits="0" branch="False" />
            <line number="433" hits="0" branch="True" condition-coverage="0% (0/2)">
              <conditions>
                <condition number="2588" type="jump" coverage="0%" />
              </conditions>
            </line>
            <line number="434" hits="0" branch="False" />
            <line number="435" hits="0" branch="True" condition-coverage="0% (0/2)">
              <conditions>
                <condition number="2631" type="jump" coverage="0%" />
              </conditions>
            </line>
            <line number="436" hits="0" branch="False" />
            <line number="437" hits="0" branch="True" condition-coverage="0% (0/4)">
              <conditions>
                <condition number="2713" type="jump" coverage="0%" />
                <condition number="2757" type="jump" coverage="0%" />
              </conditions>
            </line>
            <line number="438" hits="0" branch="False" />
            <line number="439" hits="0" branch="False" />
            <line number="440" hits="0" branch="False" />
            <line number="441" hits="0" branch="True" condition-coverage="0% (0/2)">
              <conditions>
                <condition number="2855" type="jump" coverage="0%" />
              </conditions>
            </line>
            <line number="442" hits="0" branch="False" />
            <line number="443" hits="0" branch="False" />
            <line number="444" hits="0" branch="False" />
            <line number="445" hits="0" branch="True" condition-coverage="0% (0/2)">
              <conditions>
                <condition number="2937" type="jump" coverage="0%" />
              </conditions>
            </line>
            <line number="446" hits="0" branch="False" />
            <line number="447" hits="0" branch="True" condition-coverage="0% (0/2)">
              <conditions>
                <condition number="2989" type="jump" coverage="0%" />
              </conditions>
            </line>
            <line number="448" hits="0" branch="False" />
            <line number="449" hits="0" branch="False" />
            <line number="450" hits="0" branch="True" condition-coverage="0% (0/4)">
              <conditions>
                <condition number="3057" type="jump" coverage="0%" />
                <condition number="3099" type="jump" coverage="0%" />
              </conditions>
            </line>
            <line number="451" hits="0" branch="False" />
            <line number="452" hits="0" branch="True" condition-coverage="0% (0/2)">
              <conditions>
                <condition number="3147" type="jump" coverage="0%" />
              </conditions>
            </line>
            <line number="453" hits="0" branch="True" condition-coverage="0% (0/2)">
              <conditions>
                <condition number="3199" type="jump" coverage="0%" />
              </conditions>
            </line>
            <line number="454" hits="0" branch="False" />
            <line number="455" hits="0" branch="False" />
            <line number="457" hits="0" branch="False" />
            <line number="458" hits="0" branch="True" condition-coverage="0% (0/2)">
              <conditions>
                <condition number="3386" type="jump" coverage="0%" />
              </conditions>
            </line>
            <line number="459" hits="0" branch="False" />
            <line number="460" hits="0" branch="False" />
            <line number="461" hits="0" branch="False" />
            <line number="462" hits="0" branch="False" />
            <line number="463" hits="0" branch="False" />
            <line number="464" hits="0" branch="False" />
            <line number="466" hits="0" branch="False" />
            <line number="467" hits="0" branch="True" condition-coverage="0% (0/2)">
              <conditions>
                <condition number="3508" type="jump" coverage="0%" />
              </conditions>
            </line>
            <line number="468" hits="0" branch="False" />
            <line number="469" hits="0" branch="False" />
            <line number="470" hits="0" branch="True" condition-coverage="0% (0/4)">
              <conditions>
                <condition number="3572" type="jump" coverage="0%" />
                <condition number="3614" type="jump" coverage="0%" />
              </conditions>
            </line>
            <line number="471" hits="0" branch="False" />
            <line number="472" hits="0" branch="False" />
            <line number="473" hits="0" branch="False" />
            <line number="474" hits="0" branch="False" />
            <line number="475" hits="0" branch="False" />
            <line number="476" hits="0" branch="False" />
            <line number="477" hits="0" branch="False" />
            <line number="479" hits="0" branch="False" />
            <line number="480" hits="0" branch="False" />
            <line number="483" hits="0" branch="False" />
            <line number="484" hits="0" branch="True" condition-coverage="0% (0/2)">
              <conditions>
                <condition number="34" type="jump" coverage="0%" />
              </conditions>
            </line>
            <line number="485" hits="0" branch="False" />
            <line number="486" hits="0" branch="True" condition-coverage="0% (0/2)">
              <conditions>
                <condition number="88" type="jump" coverage="0%" />
              </conditions>
            </line>
            <line number="487" hits="0" branch="False" />
            <line number="488" hits="0" branch="False" />
            <line number="491" hits="0" branch="False" />
            <line number="492" hits="0" branch="False" />
            <line number="495" hits="0" branch="True" condition-coverage="0% (0/2)">
              <conditions>
                <condition number="208" type="jump" coverage="0%" />
              </conditions>
            </line>
            <line number="496" hits="0" branch="False" />
            <line number="497" hits="0" branch="False" />
            <line number="500" hits="0" branch="False" />
            <line number="501" hits="0" branch="False" />
            <line number="503" hits="0" branch="False" />
          </lines>
        </class>
        <class name="Microsoft.AspNetCore.OpenApi.Generated.&lt;OpenApiXmlCommentSupport_generated&gt;F63E60F50E3C509889C46EE10867C3A4A27AC563420904D807BA730CA545D5118__XmlCommentSchemaTransformer" filename="https://raw.githubusercontent.com/anubhavsharmawork/fintech/a5540a6c4f2a9ba0851f10019987a02d3f1d042d/AccountService/obj/Debug/net10.0/Microsoft.AspNetCore.OpenApi.SourceGenerators/Microsoft.AspNetCore.OpenApi.SourceGenerators.XmlCommentGenerator/OpenApiXmlCommentSupport.generated.cs" line-rate="0" branch-rate="0" complexity="34">
          <methods>
            <method name="TransformAsync" signature="(Microsoft.OpenApi.OpenApiSchema,Microsoft.AspNetCore.OpenApi.OpenApiSchemaTransformerContext,System.Threading.CancellationToken)" line-rate="0" branch-rate="0" complexity="34">
              <lines>
                <line number="510" hits="0" branch="False" />
                <line number="512" hits="0" branch="True" condition-coverage="0% (0/2)">
                  <conditions>
                    <condition number="56" type="jump" coverage="0%" />
                  </conditions>
                </line>
                <line number="513" hits="0" branch="False" />
                <line number="514" hits="0" branch="False" />
                <line number="515" hits="0" branch="True" condition-coverage="0% (0/4)">
                  <conditions>
                    <condition number="122" type="jump" coverage="0%" />
                    <condition number="162" type="jump" coverage="0%" />
                  </conditions>
                </line>
                <line number="516" hits="0" branch="False" />
                <line number="517" hits="0" branch="False" />
                <line number="518" hits="0" branch="False" />
                <line number="519" hits="0" branch="False" />
                <line number="521" hits="0" branch="True" condition-coverage="0% (0/4)">
                  <conditions>
                    <condition number="270" type="jump" coverage="0%" />
                    <condition number="316" type="jump" coverage="0%" />
                  </conditions>
                </line>
                <line number="522" hits="0" branch="False" />
                <line number="524" hits="0" branch="True" condition-coverage="0% (0/2)">
                  <conditions>
                    <condition number="379" type="jump" coverage="0%" />
                  </conditions>
                </line>
                <line number="525" hits="0" branch="False" />
                <line number="526" hits="0" branch="False" />
                <line number="527" hits="0" branch="True" condition-coverage="0% (0/4)">
                  <conditions>
                    <condition number="441" type="jump" coverage="0%" />
                    <condition number="485" type="jump" coverage="0%" />
                  </conditions>
                </line>
                <line number="528" hits="0" branch="False" />
                <line number="529" hits="0" branch="False" />
                <line number="530" hits="0" branch="False" />
                <line number="531" hits="0" branch="True" condition-coverage="0% (0/2)">
                  <conditions>
                    <condition number="583" type="jump" coverage="0%" />
                  </conditions>
                </line>
                <line number="532" hits="0" branch="False" />
                <line number="533" hits="0" branch="False" />
                <line number="534" hits="0" branch="False" />
                <line number="535" hits="0" branch="True" condition-coverage="0% (0/6)">
                  <conditions>
                    <condition number="662" type="jump" coverage="0%" />
                    <condition number="692" type="jump" coverage="0%" />
                    <condition number="743" type="jump" coverage="0%" />
                  </conditions>
                </line>
                <line number="536" hits="0" branch="False" />
                <line number="537" hits="0" branch="False" />
                <line number="538" hits="0" branch="False" />
                <line number="540" hits="0" branch="False" />
                <line number="541" hits="0" branch="True" condition-coverage="0% (0/4)">
                  <conditions>
                    <condition number="806" type="jump" coverage="0%" />
                    <condition number="848" type="jump" coverage="0%" />
                  </conditions>
                </line>
                <line number="542" hits="0" branch="False" />
                <line number="543" hits="0" branch="False" />
                <line number="544" hits="0" branch="False" />
                <line number="545" hits="0" branch="False" />
                <line number="547" hits="0" branch="False" />
                <line number="549" hits="0" branch="True" condition-coverage="0% (0/2)">
                  <conditions>
                    <condition number="977" type="jump" coverage="0%" />
                  </conditions>
                </line>
                <line number="550" hits="0" branch="False" />
                <line number="551" hits="0" branch="False" />
                <line number="552" hits="0" branch="False" />
                <line number="553" hits="0" branch="True" condition-coverage="0% (0/4)">
                  <conditions>
                    <condition number="1068" type="jump" coverage="0%" />
                    <condition number="1110" type="jump" coverage="0%" />
                  </conditions>
                </line>
                <line number="554" hits="0" branch="False" />
                <line number="555" hits="0" branch="False" />
                <line number="556" hits="0" branch="False" />
                <line number="557" hits="0" branch="False" />
                <line number="558" hits="0" branch="False" />
                <line number="559" hits="0" branch="False" />
                <line number="560" hits="0" branch="False" />
                <line number="561" hits="0" branch="False" />
              </lines>
            </method>
          </methods>
          <lines>
            <line number="510" hits="0" branch="False" />
            <line number="512" hits="0" branch="True" condition-coverage="0% (0/2)">
              <conditions>
                <condition number="56" type="jump" coverage="0%" />
              </conditions>
            </line>
            <line number="513" hits="0" branch="False" />
            <line number="514" hits="0" branch="False" />
[...]
            <line number="139" hits="8" branch="True" condition-coverage="100% (10/10)">
              <conditions>
                <condition number="61" type="jump" coverage="100%" />
                <condition number="93" type="jump" coverage="100%" />
                <condition number="131" type="jump" coverage="100%" />
                <condition number="163" type="jump" coverage="100%" />
                <condition number="198" type="jump" coverage="100%" />
              </conditions>
            </line>
            <line number="140" hits="8" branch="True" condition-coverage="100% (2/2)">
              <conditions>
                <condition number="286" type="jump" coverage="100%" />
              </conditions>
            </line>
            <line number="141" hits="3" branch="False" />
            <line number="142" hits="3" branch="False" />
            <line number="143" hits="3" branch="False" />
            <line number="146" hits="5" branch="False" />
            <line number="147" hits="5" branch="True" condition-coverage="100% (2/2)">
              <conditions>
                <condition number="576" type="jump" coverage="100%" />
              </conditions>
            </line>
            <line number="148" hits="1" branch="False" />
            <line number="149" hits="1" branch="False" />
            <line number="150" hits="1" branch="False" />
            <line number="153" hits="4" branch="False" />
            <line number="154" hits="4" branch="False" />
            <line number="155" hits="4" branch="False" />
            <line number="156" hits="4" branch="False" />
            <line number="157" hits="4" branch="False" />
            <line number="158" hits="4" branch="False" />
            <line number="159" hits="4" branch="False" />
            <line number="160" hits="8" branch="False" />
          </lines>
        </class>
        <class name="UserService.Controllers.UsersController/&lt;Login&gt;d__8" filename="https://raw.githubusercontent.com/anubhavsharmawork/fintech/a5540a6c4f2a9ba0851f10019987a02d3f1d042d/UserService/Controllers/UsersController.cs" line-rate="1" branch-rate="1" complexity="8">
          <methods>
            <method name="MoveNext" signature="()" line-rate="1" branch-rate="1" complexity="8">
              <lines>
                <line number="109" hits="12" branch="False" />
                <line number="110" hits="12" branch="True" condition-coverage="100% (4/4)">
                  <conditions>
                    <condition number="65" type="jump" coverage="100%" />
                    <condition number="108" type="jump" coverage="100%" />
                  </conditions>
                </line>
                <line number="111" hits="2" branch="False" />
                <line number="112" hits="2" branch="False" />
                <line number="113" hits="2" branch="False" />
                <line number="116" hits="10" branch="False" />
                <line number="117" hits="10" branch="False" />
                <line number="119" hits="10" branch="True" condition-coverage="100% (4/4)">
                  <conditions>
                    <condition number="530" type="jump" coverage="100%" />
                    <condition number="589" type="jump" coverage="100%" />
                  </conditions>
                </line>
                <line number="120" hits="5" branch="False" />
                <line number="121" hits="5" branch="False" />
                <line number="122" hits="5" branch="False" />
                <line number="125" hits="5" branch="False" />
                <line number="126" hits="5" branch="False" />
                <line number="128" hits="5" branch="False" />
                <line number="129" hits="5" branch="False" />
                <line number="130" hits="5" branch="False" />
                <line number="131" hits="5" branch="False" />
                <line number="132" hits="5" branch="False" />
                <line number="133" hits="12" branch="False" />
              </lines>
            </method>
          </methods>
          <lines>
            <line number="109" hits="12" branch="False" />
            <line number="110" hits="12" branch="True" condition-coverage="100% (4/4)">
              <conditions>
                <condition number="65" type="jump" coverage="100%" />
                <condition number="108" type="jump" coverage="100%" />
              </conditions>
            </line>
            <line number="111" hits="2" branch="False" />
            <line number="112" hits="2" branch="False" />
            <line number="113" hits="2" branch="False" />
            <line number="116" hits="10" branch="False" />
            <line number="117" hits="10" branch="False" />
            <line number="119" hits="10" branch="True" condition-coverage="100% (4/4)">
              <conditions>
                <condition number="530" type="jump" coverage="100%" />
                <condition number="589" type="jump" coverage="100%" />
              </conditions>
            </line>
            <line number="120" hits="5" branch="False" />
            <line number="121" hits="5" branch="False" />
            <line number="122" hits="5" branch="False" />
            <line number="125" hits="5" branch="False" />
            <line number="126" hits="5" branch="False" />
            <line number="128" hits="5" branch="False" />
            <line number="129" hits="5" branch="False" />
            <line number="130" hits="5" branch="False" />
            <line number="131" hits="5" branch="False" />
            <line number="132" hits="5" branch="False" />
            <line number="133" hits="12" branch="False" />
          </lines>
        </class>
        <class name="UserService.Controllers.UsersController/&lt;Register&gt;d__7" filename="https://raw.githubusercontent.com/anubhavsharmawork/fintech/a5540a6c4f2a9ba0851f10019987a02d3f1d042d/UserService/Controllers/UsersController.cs" line-rate="1" branch-rate="0.95" complexity="20">
          <methods>
            <method name="MoveNext" signature="()" line-rate="1" branch-rate="0.95" complexity="20">
              <lines>
                <line number="38" hits="57" branch="False" />
                <line number="39" hits="57" branch="True" condition-coverage="100% (2/2)">
                  <conditions>
                    <condition number="84" type="jump" coverage="100%" />
                  </conditions>
                </line>
                <line number="40" hits="1" branch="False" />
                <line number="41" hits="1" branch="False" />
                <line number="45" hits="56" branch="True" condition-coverage="100% (4/4)">
                  <conditions>
                    <condition number="185" type="jump" coverage="100%" />
                    <condition number="228" type="jump" coverage="100%" />
                  </conditions>
                </line>
                <line number="46" hits="5" branch="False" />
                <line number="47" hits="5" branch="False" />
                <line number="48" hits="5" branch="False" />
                <line number="52" hits="51" branch="False" />
                <line number="53" hits="51" branch="True" condition-coverage="100% (2/2)">
                  <conditions>
                    <condition number="415" type="jump" coverage="100%" />
                  </conditions>
                </line>
                <line number="54" hits="7" branch="False" />
                <line number="55" hits="7" branch="False" />
                <line number="56" hits="7" branch="False" />
                <line number="60" hits="44" branch="True" condition-coverage="100% (2/2)">
                  <conditions>
                    <condition number="570" type="jump" coverage="100%" />
                  </conditions>
                </line>
                <line number="61" hits="2" branch="False" />
                <line number="62" hits="2" branch="False" />
                <line number="66" hits="42" branch="True" condition-coverage="75% (3/4)">
                  <conditions>
                    <condition number="672" type="jump" coverage="50%" />
                    <condition number="725" type="jump" coverage="100%" />
                  </conditions>
                </line>
                <line number="67" hits="42" branch="False" />
                <line number="68" hits="3" branch="False" />
                <line number="69" hits="3" branch="False" />
                <line number="72" hits="39" branch="True" condition-coverage="100% (2/2)">
                  <conditions>
                    <condition number="1046" type="jump" coverage="100%" />
                  </conditions>
                </line>
                <line number="73" hits="2" branch="False" />
                <line number="74" hits="2" branch="False" />
                <line number="75" hits="2" branch="False" />
                <line number="78" hits="37" branch="True" condition-coverage="100% (4/4)">
                  <conditions>
                    <condition number="1240" type="jump" coverage="100%" />
                    <condition number="1292" type="jump" coverage="100%" />
                  </conditions>
                </line>
                <line number="79" hits="37" branch="False" />
                <line number="80" hits="37" branch="False" />
                <line number="81" hits="37" branch="False" />
                <line number="82" hits="37" branch="False" />
                <line number="83" hits="37" branch="False" />
                <line number="84" hits="37" branch="False" />
                <line number="85" hits="37" branch="False" />
                <line number="86" hits="37" branch="False" />
                <line number="87" hits="37" branch="False" />
                <line number="88" hits="37" branch="False" />
                <line number="90" hits="37" branch="False" />
                <line number="91" hits="37" branch="False" />
                <line number="93" hits="37" branch="False" />
                <line number="95" hits="37" branch="False" />
                <line number="96" hits="37" branch="False" />
                <line number="97" hits="37" branch="False" />
                <line number="98" hits="37" branch="False" />
                <line number="99" hits="37" branch="False" />
                <line number="100" hits="37" branch="False" />
                <line number="101" hits="37" branch="False" />
                <line number="102" hits="37" branch="False" />
                <line number="103" hits="57" branch="False" />
              </lines>
            </method>
          </methods>
          <lines>
            <line number="38" hits="57" branch="False" />
            <line number="39" hits="57" branch="True" condition-coverage="100% (2/2)">
              <conditions>
                <condition number="84" type="jump" coverage="100%" />
              </conditions>
            </line>
            <line number="40" hits="1" branch="False" />
            <line number="41" hits="1" branch="False" />
            <line number="45" hits="56" branch="True" condition-coverage="100% (4/4)">
              <conditions>
                <condition number="185" type="jump" coverage="100%" />
                <condition number="228" type="jump" coverage="100%" />
              </conditions>
            </line>
            <line number="46" hits="5" branch="False" />
            <line number="47" hits="5" branch="False" />
            <line number="48" hits="5" branch="False" />
            <line number="52" hits="51" branch="False" />
            <line number="53" hits="51" branch="True" condition-coverage="100% (2/2)">
              <conditions>
                <condition number="415" type="jump" coverage="100%" />
              </conditions>
            </line>
            <line number="54" hits="7" branch="False" />
            <line number="55" hits="7" branch="False" />
            <line number="56" hits="7" branch="False" />
            <line number="60" hits="44" branch="True" condition-coverage="100% (2/2)">
              <conditions>
                <condition number="570" type="jump" coverage="100%" />
              </conditions>
            </line>
            <line number="61" hits="2" branch="False" />
            <line number="62" hits="2" branch="False" />
            <line number="66" hits="42" branch="True" condition-coverage="75% (3/4)">
              <conditions>
                <condition number="672" type="jump" coverage="50%" />
                <condition number="725" type="jump" coverage="100%" />
              </conditions>
            </line>
            <line number="67" hits="42" branch="False" />
            <line number="68" hits="3" branch="False" />
            <line number="69" hits="3" branch="False" />
            <line number="72" hits="39" branch="True" condition-coverage="100% (2/2)">
              <conditions>
                <condition number="1046" type="jump" coverage="100%" />
              </conditions>
            </line>
            <line number="73" hits="2" branch="False" />
            <line number="74" hits="2" branch="False" />
            <line number="75" hits="2" branch="False" />
            <line number="78" hits="37" branch="True" condition-coverage="100% (4/4)">
              <conditions>
                <condition number="1240" type="jump" coverage="100%" />
                <condition number="1292" type="jump" coverage="100%" />
              </conditions>
            </line>
            <line number="79" hits="37" branch="False" />
            <line number="80" hits="37" branch="False" />
            <line number="81" hits="37" branch="False" />
            <line number="82" hits="37" branch="False" />
            <line number="83" hits="37" branch="False" />
            <line number="84" hits="37" branch="False" />
            <line number="85" hits="37" branch="False" />
            <line number="86" hits="37" branch="False" />
            <line number="87" hits="37" branch="False" />
            <line number="88" hits="37" branch="False" />
            <line number="90" hits="37" branch="False" />
            <line number="91" hits="37" branch="False" />
            <line number="93" hits="37" branch="False" />
            <line number="95" hits="37" branch="False" />
            <line number="96" hits="37" branch="False" />
            <line number="97" hits="37" branch="False" />
            <line number="98" hits="37" branch="False" />
            <line number="99" hits="37" branch="False" />
            <line number="100" hits="37" branch="False" />
            <line number="101" hits="37" branch="False" />
            <line number="102" hits="37" branch="False" />
            <line number="103" hits="57" branch="False" />
          </lines>
        </class>
        <class name="UserService.Controllers.UsersController/&lt;VerifyEmail&gt;d__10" filename="https://raw.githubusercontent.com/anubhavsharmawork/fintech/a5540a6c4f2a9ba0851f10019987a02d3f1d042d/UserService/Controllers/UsersController.cs" line-rate="1" branch-rate="1" complexity="4">
          <methods>
            <method name="MoveNext" signature="()" line-rate="1" branch-rate="1" complexity="4">
              <lines>
                <line number="165" hits="6" branch="False" />
                <line number="166" hits="6" branch="True" condition-coverage="100% (2/2)">
                  <conditions>
                    <condition number="72" type="jump" coverage="100%" />
                  </conditions>
                </line>
                <line number="167" hits="1" branch="False" />
                <line number="168" hits="1" branch="False" />
                <line number="171" hits="5" branch="False" />
                <line number="172" hits="5" branch="True" condition-coverage="100% (2/2)">
                  <conditions>
                    <condition number="340" type="jump" coverage="100%" />
                  </conditions>
                </line>
                <line number="173" hits="1" branch="False" />
                <line number="174" hits="1" branch="False" />
                <line number="175" hits="1" branch="False" />
                <line number="178" hits="4" branch="False" />
                <line number="179" hits="4" branch="False" />
                <line number="180" hits="4" branch="False" />
                <line number="182" hits="4" branch="False" />
                <line number="183" hits="4" branch="False" />
                <line number="184" hits="6" branch="False" />
              </lines>
            </method>
          </methods>
          <lines>
            <line number="165" hits="6" branch="False" />
            <line number="166" hits="6" branch="True" condition-coverage="100% (2/2)">
              <conditions>
                <condition number="72" type="jump" coverage="100%" />
              </conditions>
            </line>
            <line number="167" hits="1" branch="False" />
            <line number="168" hits="1" branch="False" />
            <line number="171" hits="5" branch="False" />
            <line number="172" hits="5" branch="True" condition-coverage="100% (2/2)">
              <conditions>
                <condition number="340" type="jump" coverage="100%" />
              </conditions>
            </line>
            <line number="173" hits="1" branch="False" />
            <line number="174" hits="1" branch="False" />
            <line number="175" hits="1" branch="False" />
            <line number="178" hits="4" branch="False" />
            <line number="179" hits="4" branch="False" />
            <line number="180" hits="4" branch="False" />
            <line number="182" hits="4" branch="False" />
            <line number="183" hits="4" branch="False" />
            <line number="184" hits="6" branch="False" />
          </lines>
        </class>
        <class name="UserService.Controllers.RegisterRequest" filename="https://raw.githubusercontent.com/anubhavsharmawork/fintech/a5540a6c4f2a9ba0851f10019987a02d3f1d042d/UserService/Controllers/UsersController.cs" line-rate="1" branch-rate="1" complexity="1">
          <methods>
            <method name="get_Email" signature="()" line-rate="1" branch-rate="1" complexity="1">
              <lines>
                <line number="274" hits="435" branch="False" />
              </lines>
            </method>
          </methods>
          <lines>
            <line number="274" hits="435" branch="False" />
          </lines>
        </class>
        <class name="UserService.Controllers.LoginRequest" filename="https://raw.githubusercontent.com/anubhavsharmawork/fintech/a5540a6c4f2a9ba0851f10019987a02d3f1d042d/UserService/Controllers/UsersController.cs" line-rate="1" branch-rate="1" complexity="1">
          <methods>
            <method name="get_Email" signature="()" line-rate="1" branch-rate="1" complexity="1">
              <lines>
                <line number="275" hits="62" branch="False" />
              </lines>
            </method>
          </methods>
          <lines>
            <line number="275" hits="62" branch="False" />
          </lines>
        </class>
        <class name="UserService.Controllers.VerifyEmailRequest" filename="https://raw.githubusercontent.com/anubhavsharmawork/fintech/a5540a6c4f2a9ba0851f10019987a02d3f1d042d/UserService/Controllers/UsersController.cs" line-rate="1" branch-rate="1" complexity="1">
          <methods>
            <method name="get_UserId" signature="()" line-rate="1" branch-rate="1" complexity="1">
              <lines>
                <line number="276" hits="24" branch="False" />
              </lines>
            </method>
          </methods>
          <lines>
            <line number="276" hits="24" branch="False" />
          </lines>
        </class>
      </classes>
    </package>
  </packages>
</coverage>