<?xml version="1.0" encoding="utf-8"?>
<CoverageSession>
  <Summary numSequencePoints="2819" visitedSequencePoints="737" numBranchPoints="1130" visitedBranchPoints="203" sequenceCoverage="26.14" branchCoverage="17.96" maxCyclomaticComplexity="379" minCyclomaticComplexity="8" visitedClasses="49" numClasses="94" visitedMethods="134" numMethods="246" />
  <Modules>
    <Module hash="96F49BD9-831B-4FF4-A2D5-CE11FA1DF301">
      <ModulePath>AccountService.dll</ModulePath>
      <ModuleTime>2026-01-29T03:17:22</ModuleTime>
      <ModuleName>AccountService</ModuleName>
      <Files>
        <File uid="1" fullPath="E:\portfolio\Jan2026\fintech\AccountService\Program.cs" />
        <File uid="2" fullPath="E:\portfolio\Jan2026\fintech\AccountService\obj\Debug\net10.0\Microsoft.AspNetCore.OpenApi.SourceGenerators\Microsoft.AspNetCore.OpenApi.SourceGenerators.XmlCommentGenerator\OpenApiXmlCommentSupport.generated.cs" />
        <File uid="3" fullPath="E:\portfolio\Jan2026\fintech\AccountService\Utilities\EthereumUtility.cs" />
        <File uid="4" fullPath="E:\portfolio\Jan2026\fintech\AccountService\Models\BankConnection.cs" />
        <File uid="5" fullPath="E:\portfolio\Jan2026\fintech\AccountService\Migrations\20250204_AddCryptoMetadataToAccount.cs" />
        <File uid="6" fullPath="E:\portfolio\Jan2026\fintech\AccountService\Data\AccountDbContext.cs" />
        <File uid="7" fullPath="E:\portfolio\Jan2026\fintech\AccountService\Controllers\AccountsController.cs" />
        <File uid="8" fullPath="E:\portfolio\Jan2026\fintech\AccountService\Controllers\BankConnectionsController.cs" />
      </Files>
      <Classes>
        <Class>
          <Summary numSequencePoints="33" visitedSequencePoints="0" numBranchPoints="10" visitedBranchPoints="0" sequenceCoverage="0" branchCoverage="0" maxCyclomaticComplexity="10" minCyclomaticComplexity="10" visitedClasses="0" numClasses="1" visitedMethods="0" numMethods="1" />
          <FullName>Program</FullName>
          <Methods>
            <Method cyclomaticComplexity="10" nPathComplexity="10" sequenceCoverage="0" branchCoverage="0" isConstructor="False" isGetter="False" isSetter="False" isStatic="True">
              <Summary numSequencePoints="33" visitedSequencePoints="0" numBranchPoints="10" visitedBranchPoints="0" sequenceCoverage="0" branchCoverage="0" maxCyclomaticComplexity="10" minCyclomaticComplexity="10" visitedClasses="0" numClasses="0" visitedMethods="0" numMethods="1" />
              <MetadataToken />
              <Name>System.String Program::&lt;&lt;Main&gt;$&gt;g__GetConnectionString|0_0(Microsoft.Extensions.Configuration.IConfiguration)</Name>
              <FileRef uid="1" />
              <SequencePoints>
                <SequencePoint vc="0" uspid="127" ordinal="0" sl="127" sc="1" el="127" ec="2" bec="0" bev="0" fileid="1" />
                <SequencePoint vc="0" uspid="129" ordinal="1" sl="129" sc="1" el="129" ec="2" bec="0" bev="0" fileid="1" />
                <SequencePoint vc="0" uspid="130" ordinal="2" sl="130" sc="1" el="130" ec="2" bec="2" bev="0" fileid="1" />
                <SequencePoint vc="0" uspid="131" ordinal="3" sl="131" sc="1" el="131" ec="2" bec="0" bev="0" fileid="1" />
                <SequencePoint vc="0" uspid="134" ordinal="4" sl="134" sc="1" el="134" ec="2" bec="0" bev="0" fileid="1" />
                <SequencePoint vc="0" uspid="135" ordinal="5" sl="135" sc="1" el="135" ec="2" bec="2" bev="0" fileid="1" />
                <SequencePoint vc="0" uspid="136" ordinal="6" sl="136" sc="1" el="136" ec="2" bec="0" bev="0" fileid="1" />
                <SequencePoint vc="0" uspid="137" ordinal="7" sl="137" sc="1" el="137" ec="2" bec="0" bev="0" fileid="1" />
                <SequencePoint vc="0" uspid="138" ordinal="8" sl="138" sc="1" el="138" ec="2" bec="0" bev="0" fileid="1" />
                <SequencePoint vc="0" uspid="139" ordinal="9" sl="139" sc="1" el="139" ec="2" bec="0" bev="0" fileid="1" />
                <SequencePoint vc="0" uspid="140" ordinal="10" sl="140" sc="1" el="140" ec="2" bec="0" bev="0" fileid="1" />
                <SequencePoint vc="0" uspid="141" ordinal="11" sl="141" sc="1" el="141" ec="2" bec="0" bev="0" fileid="1" />
                <SequencePoint vc="0" uspid="142" ordinal="12" sl="142" sc="1" el="142" ec="2" bec="0" bev="0" fileid="1" />
                <SequencePoint vc="0" uspid="143" ordinal="13" sl="143" sc="1" el="143" ec="2" bec="0" bev="0" fileid="1" />
                <SequencePoint vc="0" uspid="144" ordinal="14" sl="144" sc="1" el="144" ec="2" bec="0" bev="0" fileid="1" />
                <SequencePoint vc="0" uspid="145" ordinal="15" sl="145" sc="1" el="145" ec="2" bec="0" bev="0" fileid="1" />
                <SequencePoint vc="0" uspid="146" ordinal="16" sl="146" sc="1" el="146" ec="2" bec="0" bev="0" fileid="1" />
                <SequencePoint vc="0" uspid="147" ordinal="17" sl="147" sc="1" el="147" ec="2" bec="0" bev="0" fileid="1" />
                <SequencePoint vc="0" uspid="151" ordinal="18" sl="151" sc="1" el="151" ec="2" bec="0" bev="0" fileid="1" />
                <SequencePoint vc="0" uspid="152" ordinal="19" sl="152" sc="1" el="152" ec="2" bec="2" bev="0" fileid="1" />
                <SequencePoint vc="0" uspid="153" ordinal="20" sl="153" sc="1" el="153" ec="2" bec="0" bev="0" fileid="1" />
                <SequencePoint vc="0" uspid="154" ordinal="21" sl="154" sc="1" el="154" ec="2" bec="4" bev="0" fileid="1" />
                <SequencePoint vc="0" uspid="155" ordinal="22" sl="155" sc="1" el="155" ec="2" bec="0" bev="0" fileid="1" />
                <SequencePoint vc="0" uspid="156" ordinal="23" sl="156" sc="1" el="156" ec="2" bec="0" bev="0" fileid="1" />
                <SequencePoint vc="0" uspid="157" ordinal="24" sl="157" sc="1" el="157" ec="2" bec="0" bev="0" fileid="1" />
                <SequencePoint vc="0" uspid="158" ordinal="25" sl="158" sc="1" el="158" ec="2" bec="0" bev="0" fileid="1" />
                <SequencePoint vc="0" uspid="159" ordinal="26" sl="159" sc="1" el="159" ec="2" bec="0" bev="0" fileid="1" />
                <SequencePoint vc="0" uspid="160" ordinal="27" sl="160" sc="1" el="160" ec="2" bec="0" bev="0" fileid="1" />
                <SequencePoint vc="0" uspid="161" ordinal="28" sl="161" sc="1" el="161" ec="2" bec="0" bev="0" fileid="1" />
                <SequencePoint vc="0" uspid="162" ordinal="29" sl="162" sc="1" el="162" ec="2" bec="0" bev="0" fileid="1" />
                <SequencePoint vc="0" uspid="163" ordinal="30" sl="163" sc="1" el="163" ec="2" bec="0" bev="0" fileid="1" />
                <SequencePoint vc="0" uspid="166" ordinal="31" sl="166" sc="1" el="166" ec="2" bec="0" bev="0" fileid="1" />
                <SequencePoint vc="0" uspid="167" ordinal="32" sl="167" sc="1" el="167" ec="2" bec="0" bev="0" fileid="1" />
              </SequencePoints>
              <BranchPoints>
                <BranchPoint vc="0" uspid="130" ordinal="0" path="0" offset="24" offsetend="26" sl="130" fileid="1" />
                <BranchPoint vc="0" uspid="130" ordinal="1" path="1" offset="24" offsetend="34" sl="130" fileid="1" />
                <BranchPoint vc="0" uspid="135" ordinal="2" path="0" offset="59" offsetend="64" sl="135" fileid="1" />
                <BranchPoint vc="0" uspid="135" ordinal="3" path="1" offset="59" offsetend="199" sl="135" fileid="1" />
                <BranchPoint vc="0" uspid="152" ordinal="4" path="0" offset="224" offsetend="229" sl="152" fileid="1" />
                <BranchPoint vc="0" uspid="154" ordinal="6" path="0" offset="262" offsetend="264" sl="154" fileid="1" />
                <BranchPoint vc="0" uspid="154" ordinal="7" path="1" offset="262" offsetend="271" sl="154" fileid="1" />
                <BranchPoint vc="0" uspid="154" ordinal="8" path="0" offset="328" offsetend="330" sl="154" fileid="1" />
                <BranchPoint vc="0" uspid="154" ordinal="9" path="1" offset="328" offsetend="336" sl="154" fileid="1" />
                <BranchPoint vc="0" uspid="152" ordinal="5" path="1" offset="224" offsetend="363" sl="152" fileid="1" />
              </BranchPoints>
              <MethodPoint vc="0" uspid="0" p8:type="SequencePoint" ordinal="0" offset="0" sc="0" sl="127" ec="1" el="167" bec="0" bev="0" fileid="1" xmlns:p8="xsi" />
            </Method>
          </Methods>
        </Class>
        <Class>
          <Summary numSequencePoints="90" visitedSequencePoints="0" numBranchPoints="12" visitedBranchPoints="0" sequenceCoverage="0" branchCoverage="0" maxCyclomaticComplexity="12" minCyclomaticComplexity="12" visitedClasses="0" numClasses="1" visitedMethods="0" numMethods="1" />
          <FullName>Program/&lt;&lt;Main&gt;$&gt;d__0</FullName>
          <Methods>
            <Method cyclomaticComplexity="12" nPathComplexity="12" sequenceCoverage="0" branchCoverage="0" isConstructor="False" isGetter="False" isSetter="False" isStatic="True">
              <Summary numSequencePoints="90" visitedSequencePoints="0" numBranchPoints="12" visitedBranchPoints="0" sequenceCoverage="0" branchCoverage="0" maxCyclomaticComplexity="12" minCyclomaticComplexity="12" visitedClasses="0" numClasses="0" visitedMethods="0" numMethods="1" />
              <MetadataToken />
              <Name>System.Void Program/&lt;&lt;Main&gt;$&gt;d__0::MoveNext()</Name>
              <FileRef uid="1" />
              <SequencePoints>
                <SequencePoint vc="0" uspid="10" ordinal="0" sl="10" sc="1" el="10" ec="2" bec="0" bev="0" fileid="1" />
                <SequencePoint vc="0" uspid="11" ordinal="1" sl="11" sc="1" el="11" ec="2" bec="0" bev="0" fileid="1" />
                <SequencePoint vc="0" uspid="12" ordinal="2" sl="12" sc="1" el="12" ec="2" bec="0" bev="0" fileid="1" />
                <SequencePoint vc="0" uspid="15" ordinal="3" sl="15" sc="1" el="15" ec="2" bec="0" bev="0" fileid="1" />
                <SequencePoint vc="0" uspid="16" ordinal="4" sl="16" sc="1" el="16" ec="2" bec="0" bev="0" fileid="1" />
                <SequencePoint vc="0" uspid="18" ordinal="5" sl="18" sc="1" el="18" ec="2" bec="0" bev="0" fileid="1" />
                <SequencePoint vc="0" uspid="21" ordinal="6" sl="21" sc="1" el="21" ec="2" bec="0" bev="0" fileid="1" />
                <SequencePoint vc="0" uspid="22" ordinal="7" sl="22" sc="1" el="22" ec="2" bec="0" bev="0" fileid="1" />
                <SequencePoint vc="0" uspid="23" ordinal="8" sl="23" sc="1" el="23" ec="2" bec="2" bev="0" fileid="1" />
                <SequencePoint vc="0" uspid="24" ordinal="9" sl="24" sc="1" el="24" ec="2" bec="0" bev="0" fileid="1" />
                <SequencePoint vc="0" uspid="25" ordinal="10" sl="25" sc="1" el="25" ec="2" bec="0" bev="0" fileid="1" />
                <SequencePoint vc="0" uspid="26" ordinal="11" sl="26" sc="1" el="26" ec="2" bec="0" bev="0" fileid="1" />
                <SequencePoint vc="0" uspid="27" ordinal="12" sl="27" sc="1" el="27" ec="2" bec="2" bev="0" fileid="1" />
                <SequencePoint vc="0" uspid="28" ordinal="13" sl="28" sc="1" el="28" ec="2" bec="0" bev="0" fileid="1" />
                <SequencePoint vc="0" uspid="29" ordinal="14" sl="29" sc="1" el="29" ec="2" bec="0" bev="0" fileid="1" />
                <SequencePoint vc="0" uspid="30" ordinal="15" sl="30" sc="1" el="30" ec="2" bec="0" bev="0" fileid="1" />
                <SequencePoint vc="0" uspid="32" ordinal="16" sl="32" sc="1" el="32" ec="2" bec="0" bev="0" fileid="1" />
                <SequencePoint vc="0" uspid="33" ordinal="17" sl="33" sc="1" el="33" ec="2" bec="0" bev="0" fileid="1" />
                <SequencePoint vc="0" uspid="34" ordinal="18" sl="34" sc="1" el="34" ec="2" bec="0" bev="0" fileid="1" />
                <SequencePoint vc="0" uspid="37" ordinal="19" sl="37" sc="1" el="37" ec="2" bec="0" bev="0" fileid="1" />
                <SequencePoint vc="0" uspid="38" ordinal="20" sl="38" sc="1" el="38" ec="2" bec="0" bev="0" fileid="1" />
                <SequencePoint vc="0" uspid="39" ordinal="21" sl="39" sc="1" el="39" ec="2" bec="0" bev="0" fileid="1" />
                <SequencePoint vc="0" uspid="40" ordinal="22" sl="40" sc="1" el="40" ec="2" bec="0" bev="0" fileid="1" />
                <SequencePoint vc="0" uspid="41" ordinal="23" sl="41" sc="1" el="41" ec="2" bec="0" bev="0" fileid="1" />
                <SequencePoint vc="0" uspid="42" ordinal="24" sl="42" sc="1" el="42" ec="2" bec="0" bev="0" fileid="1" />
                <SequencePoint vc="0" uspid="45" ordinal="25" sl="45" sc="1" el="45" ec="2" bec="0" bev="0" fileid="1" />
                <SequencePoint vc="0" uspid="46" ordinal="26" sl="46" sc="1" el="46" ec="2" bec="0" bev="0" fileid="1" />
                <SequencePoint vc="0" uspid="47" ordinal="27" sl="47" sc="1" el="47" ec="2" bec="0" bev="0" fileid="1" />
                <SequencePoint vc="0" uspid="51" ordinal="28" sl="51" sc="1" el="51" ec="2" bec="0" bev="0" fileid="1" />
                <SequencePoint vc="0" uspid="52" ordinal="29" sl="52" sc="1" el="52" ec="2" bec="0" bev="0" fileid="1" />
                <SequencePoint vc="0" uspid="53" ordinal="30" sl="53" sc="1" el="53" ec="2" bec="0" bev="0" fileid="1" />
                <SequencePoint vc="0" uspid="54" ordinal="31" sl="54" sc="1" el="54" ec="2" bec="0" bev="0" fileid="1" />
                <SequencePoint vc="0" uspid="55" ordinal="32" sl="55" sc="1" el="55" ec="2" bec="0" bev="0" fileid="1" />
                <SequencePoint vc="0" uspid="56" ordinal="33" sl="56" sc="1" el="56" ec="2" bec="2" bev="0" fileid="1" />
                <SequencePoint vc="0" uspid="57" ordinal="34" sl="57" sc="1" el="57" ec="2" bec="0" bev="0" fileid="1" />
                <SequencePoint vc="0" uspid="58" ordinal="35" sl="58" sc="1" el="58" ec="2" bec="2" bev="0" fileid="1" />
                <SequencePoint vc="0" uspid="59" ordinal="36" sl="59" sc="1" el="59" ec="2" bec="0" bev="0" fileid="1" />
                <SequencePoint vc="0" uspid="60" ordinal="37" sl="60" sc="1" el="60" ec="2" bec="0" bev="0" fileid="1" />
                <SequencePoint vc="0" uspid="61" ordinal="38" sl="61" sc="1" el="61" ec="2" bec="0" bev="0" fileid="1" />
                <SequencePoint vc="0" uspid="62" ordinal="39" sl="62" sc="1" el="62" ec="2" bec="0" bev="0" fileid="1" />
                <SequencePoint vc="0" uspid="63" ordinal="40" sl="63" sc="1" el="63" ec="2" bec="0" bev="0" fileid="1" />
                <SequencePoint vc="0" uspid="64" ordinal="41" sl="64" sc="1" el="64" ec="2" bec="2" bev="0" fileid="1" />
                <SequencePoint vc="0" uspid="65" ordinal="42" sl="65" sc="1" el="65" ec="2" bec="0" bev="0" fileid="1" />
                <SequencePoint vc="0" uspid="66" ordinal="43" sl="66" sc="1" el="66" ec="2" bec="0" bev="0" fileid="1" />
                <SequencePoint vc="0" uspid="67" ordinal="44" sl="67" sc="1" el="67" ec="2" bec="0" bev="0" fileid="1" />
                <SequencePoint vc="0" uspid="68" ordinal="45" sl="68" sc="1" el="68" ec="2" bec="0" bev="0" fileid="1" />
                <SequencePoint vc="0" uspid="69" ordinal="46" sl="69" sc="1" el="69" ec="2" bec="0" bev="0" fileid="1" />
                <SequencePoint vc="0" uspid="70" ordinal="47" sl="70" sc="1" el="70" ec="2" bec="0" bev="0" fileid="1" />
                <SequencePoint vc="0" uspid="71" ordinal="48" sl="71" sc="1" el="71" ec="2" bec="0" bev="0" fileid="1" />
                <SequencePoint vc="0" uspid="72" ordinal="49" sl="72" sc="1" el="72" ec="2" bec="0" bev="0" fileid="1" />
                <SequencePoint vc="0" uspid="73" ordinal="50" sl="73" sc="1" el="73" ec="2" bec="0" bev="0" fileid="1" />
                <SequencePoint vc="0" uspid="74" ordinal="51" sl="74" sc="1" el="74" ec="2" bec="0" bev="0" fileid="1" />
                <SequencePoint vc="0" uspid="75" ordinal="52" sl="75" sc="1" el="75" ec="2" bec="0" bev="0" fileid="1" />
                <SequencePoint vc="0" uspid="77" ordinal="53" sl="77" sc="1" el="77" ec="2" bec="0" bev="0" fileid="1" />
                <SequencePoint vc="0" uspid="78" ordinal="54" sl="78" sc="1" el="78" ec="2" bec="0" bev="0" fileid="1" />
                <SequencePoint vc="0" uspid="79" ordinal="55" sl="79" sc="1" el="79" ec="2" bec="0" bev="0" fileid="1" />
                <SequencePoint vc="0" uspid="80" ordinal="56" sl="80" sc="1" el="80" ec="2" bec="0" bev="0" fileid="1" />
                <SequencePoint vc="0" uspid="82" ordinal="57" sl="82" sc="1" el="82" ec="2" bec="0" bev="0" fileid="1" />
                <SequencePoint vc="0" uspid="85" ordinal="58" sl="85" sc="1" el="85" ec="2" bec="0" bev="0" fileid="1" />
                <SequencePoint vc="0" uspid="88" ordinal="59" sl="88" sc="1" el="88" ec="2" bec="0" bev="0" fileid="1" />
                <SequencePoint vc="0" uspid="89" ordinal="60" sl="89" sc="1" el="89" ec="2" bec="0" bev="0" fileid="1" />
                <SequencePoint vc="0" uspid="90" ordinal="61" sl="90" sc="1" el="90" ec="2" bec="0" bev="0" fileid="1" />
                <SequencePoint vc="0" uspid="92" ordinal="62" sl="92" sc="1" el="92" ec="2" bec="0" bev="0" fileid="1" />
                <SequencePoint vc="0" uspid="93" ordinal="63" sl="93" sc="1" el="93" ec="2" bec="0" bev="0" fileid="1" />
                <SequencePoint vc="0" uspid="94" ordinal="64" sl="94" sc="1" el="94" ec="2" bec="0" bev="0" fileid="1" />
                <SequencePoint vc="0" uspid="95" ordinal="65" sl="95" sc="1" el="95" ec="2" bec="0" bev="0" fileid="1" />
                <SequencePoint vc="0" uspid="96" ordinal="66" sl="96" sc="1" el="96" ec="2" bec="0" bev="0" fileid="1" />
                <SequencePoint vc="0" uspid="97" ordinal="67" sl="97" sc="1" el="97" ec="2" bec="0" bev="0" fileid="1" />
                <SequencePoint vc="0" uspid="98" ordinal="68" sl="98" sc="1" el="98" ec="2" bec="0" bev="0" fileid="1" />
                <SequencePoint vc="0" uspid="99" ordinal="69" sl="99" sc="1" el="99" ec="2" bec="0" bev="0" fileid="1" />
                <SequencePoint vc="0" uspid="100" ordinal="70" sl="100" sc="1" el="100" ec="2" bec="0" bev="0" fileid="1" />
                <SequencePoint vc="0" uspid="102" ordinal="71" sl="102" sc="1" el="102" ec="2" bec="2" bev="0" fileid="1" />
                <SequencePoint vc="0" uspid="103" ordinal="72" sl="103" sc="1" el="103" ec="2" bec="0" bev="0" fileid="1" />
                <SequencePoint vc="0" uspid="104" ordinal="73" sl="104" sc="1" el="104" ec="2" bec="0" bev="0" fileid="1" />
                <SequencePoint vc="0" uspid="105" ordinal="74" sl="105" sc="1" el="105" ec="2" bec="0" bev="0" fileid="1" />
                <SequencePoint vc="0" uspid="106" ordinal="75" sl="106" sc="1" el="106" ec="2" bec="0" bev="0" fileid="1" />
                <SequencePoint vc="0" uspid="108" ordinal="76" sl="108" sc="1" el="108" ec="2" bec="0" bev="0" fileid="1" />
                <SequencePoint vc="0" uspid="109" ordinal="77" sl="109" sc="1" el="109" ec="2" bec="0" bev="0" fileid="1" />
                <SequencePoint vc="0" uspid="111" ordinal="78" sl="111" sc="1" el="111" ec="2" bec="0" bev="0" fileid="1" />
                <SequencePoint vc="0" uspid="112" ordinal="79" sl="112" sc="1" el="112" ec="2" bec="0" bev="0" fileid="1" />
                <SequencePoint vc="0" uspid="114" ordinal="80" sl="114" sc="1" el="114" ec="2" bec="0" bev="0" fileid="1" />
                <SequencePoint vc="0" uspid="115" ordinal="81" sl="115" sc="1" el="115" ec="2" bec="0" bev="0" fileid="1" />
                <SequencePoint vc="0" uspid="116" ordinal="82" sl="116" sc="1" el="116" ec="2" bec="0" bev="0" fileid="1" />
                <SequencePoint vc="0" uspid="117" ordinal="83" sl="117" sc="1" el="117" ec="2" bec="0" bev="0" fileid="1" />
                <SequencePoint vc="0" uspid="118" ordinal="84" sl="118" sc="1" el="118" ec="2" bec="0" bev="0" fileid="1" />
                <SequencePoint vc="0" uspid="119" ordinal="85" sl="119" sc="1" el="119" ec="2" bec="0" bev="0" fileid="1" />
                <SequencePoint vc="0" uspid="120" ordinal="86" sl="120" sc="1" el="120" ec="2" bec="0" bev="0" fileid="1" />
                <SequencePoint vc="0" uspid="122" ordinal="87" sl="122" sc="1" el="122" ec="2" bec="0" bev="0" fileid="1" />
                <SequencePoint vc="0" uspid="123" ordinal="88" sl="123" sc="1" el="123" ec="2" bec="0" bev="0" fileid="1" />
                <SequencePoint vc="0" uspid="124" ordinal="89" sl="124" sc="1" el="124" ec="2" bec="0" bev="0" fileid="1" />
              </SequencePoints>
              <BranchPoints>
                <BranchPoint vc="0" uspid="23" ordinal="0" path="0" offset="178" offsetend="180" sl="23" fileid="1" />
                <BranchPoint vc="0" uspid="23" ordinal="1" path="1" offset="178" offsetend="231" sl="23" fileid="1" />
                <BranchPoint vc="0" uspid="27" ordinal="2" path="0" offset="247" offsetend="249" sl="27" fileid="1" />
                <BranchPoint vc="0" uspid="27" ordinal="3" path="1" offset="247" offsetend="300" sl="27" fileid="1" />
                <BranchPoint vc="0" uspid="102" ordinal="4" path="0" offset="925" offsetend="927" sl="102" fileid="1" />
                <BranchPoint vc="0" uspid="102" ordinal="5" path="1" offset="925" offsetend="955" sl="102" fileid="1" />
                <BranchPoint vc="0" uspid="56" ordinal="0" path="0" offset="67" offsetend="69" sl="56" fileid="1" />
                <BranchPoint vc="0" uspid="56" ordinal="1" path="1" offset="67" offsetend="75" sl="56" fileid="1" />
                <BranchPoint vc="0" uspid="58" ordinal="2" path="0" offset="87" offsetend="89" sl="58" fileid="1" />
                <BranchPoint vc="0" uspid="58" ordinal="3" path="1" offset="87" offsetend="135" sl="58" fileid="1" />
                <BranchPoint vc="0" uspid="64" ordinal="4" path="0" offset="148" offsetend="150" sl="64" fileid="1" />
                <BranchPoint vc="0" uspid="64" ordinal="5" path="1" offset="148" offsetend="223" sl="64" fileid="1" />
              </BranchPoints>
              <MethodPoint vc="0" uspid="0" p8:type="SequencePoint" ordinal="0" offset="0" sc="0" sl="10" ec="1" el="124" bec="0" bev="0" fileid="1" xmlns:p8="xsi" />
            </Method>
          </Methods>
        </Class>
        <Class>
          <Summary numSequencePoints="10" visitedSequencePoints="0" numBranchPoints="0" visitedBranchPoints="0" sequenceCoverage="0" branchCoverage="100" maxCyclomaticComplexity="1" minCyclomaticComplexity="1" visitedClasses="0" numClasses="1" visitedMethods="0" numMethods="10" />
          <FullName>Microsoft.AspNetCore.OpenApi.Generated.&lt;OpenApiXmlCommentSupport_generated&gt;F63E60F50E3C509889C46EE10867C3A4A27AC563420904D807BA730CA545D5118__XmlComment</FullName>
          <Methods>
            <Method cyclomaticComplexity="1" nPathComplexity="1" sequenceCoverage="0" branchCoverage="100" isConstructor="False" isGetter="True" isSetter="False" isStatic="True">
              <Summary numSequencePoints="1" visitedSequencePoints="0" numBranchPoints="0" visitedBranchPoints="0" sequenceCoverage="0" branchCoverage="100" maxCyclomaticComplexity="1" minCyclomaticComplexity="1" visitedClasses="0" numClasses="0" visitedMethods="0" numMethods="1" />
              <MetadataToken />
              <Name>System.String Microsoft.AspNetCore.OpenApi.Generated.&lt;OpenApiXmlCommentSupport_generated&gt;F63E60F50E3C509889C46EE10867C3A4A27AC563420904D807BA730CA545D5118__XmlComment::get_Summary()</Name>
              <FileRef uid="2" />
              <SequencePoints>
                <SequencePoint vc="0" uspid="47" ordinal="0" sl="47" sc="1" el="47" ec="2" bec="0" bev="0" fileid="2" />
              </SequencePoints>
              <BranchPoints />
              <MethodPoint vc="0" uspid="0" p8:type="SequencePoint" ordinal="0" offset="0" sc="0" sl="47" ec="1" el="47" bec="0" bev="0" fileid="2" xmlns:p8="xsi" />
            </Method>
            <Method cyclomaticComplexity="1" nPathComplexity="1" sequenceCoverage="0" branchCoverage="100" isConstructor="False" isGetter="True" isSetter="False" isStatic="True">
              <Summary numSequencePoints="1" visitedSequencePoints="0" numBranchPoints="0" visitedBranchPoints="0" sequenceCoverage="0" branchCoverage="100" maxCyclomaticComplexity="1" minCyclomaticComplexity="1" visitedClasses="0" numClasses="0" visitedMethods="0" numMethods="1" />
              <MetadataToken />
              <Name>System.String Microsoft.AspNetCore.OpenApi.Generated.&lt;OpenApiXmlCommentSupport_generated&gt;F63E60F50E3C509889C46EE10867C3A4A27AC563420904D807BA730CA545D5118__XmlComment::get_Description()</Name>
              <FileRef uid="2" />
              <SequencePoints>
                <SequencePoint vc="0" uspid="48" ordinal="0" sl="48" sc="1" el="48" ec="2" bec="0" bev="0" fileid="2" />
              </SequencePoints>
              <BranchPoints />
              <MethodPoint vc="0" uspid="0" p8:type="SequencePoint" ordinal="1" offset="1" sc="0" sl="48" ec="1" el="48" bec="0" bev="0" fileid="2" xmlns:p8="xsi" />
            </Method>
            <Method cyclomaticComplexity="1" nPathComplexity="1" sequenceCoverage="0" branchCoverage="100" isConstructor="False" isGetter="True" isSetter="False" isStatic="True">
              <Summary numSequencePoints="1" visitedSequencePoints="0" numBranchPoints="0" visitedBranchPoints="0" sequenceCoverage="0" branchCoverage="100" maxCyclomaticComplexity="1" minCyclomaticComplexity="1" visitedClasses="0" numClasses="0" visitedMethods="0" numMethods="1" />
              <MetadataToken />
              <Name>System.String Microsoft.AspNetCore.OpenApi.Generated.&lt;OpenApiXmlCommentSupport_generated&gt;F63E60F50E3C509889C46EE10867C3A4A27AC563420904D807BA730CA545D5118__XmlComment::get_Remarks()</Name>
              <FileRef uid="2" />
              <SequencePoints>
                <SequencePoint vc="0" uspid="49" ordinal="0" sl="49" sc="1" el="49" ec="2" bec="0" bev="0" fileid="2" />
              </SequencePoints>
              <BranchPoints />
              <MethodPoint vc="0" uspid="0" p8:type="SequencePoint" ordinal="2" offset="2" sc="0" sl="49" ec="1" el="49" bec="0" bev="0" fileid="2" xmlns:p8="xsi" />
            </Method>
            <Method cyclomaticComplexity="1" nPathComplexity="1" sequenceCoverage="0" branchCoverage="100" isConstructor="False" isGetter="True" isSetter="False" isStatic="True">
              <Summary numSequencePoints="1" visitedSequencePoints="0" numBranchPoints="0" visitedBranchPoints="0" sequenceCoverage="0" branchCoverage="100" maxCyclomaticComplexity="1" minCyclomaticComplexity="1" visitedClasses="0" numClasses="0" visitedMethods="0" numMethods="1" />
              <MetadataToken />
              <Name>System.String Microsoft.AspNetCore.OpenApi.Generated.&lt;OpenApiXmlCommentSupport_generated&gt;F63E60F50E3C509889C46EE10867C3A4A27AC563420904D807BA730CA545D5118__XmlComment::get_Returns()</Name>
              <FileRef uid="2" />
              <SequencePoints>
                <SequencePoint vc="0" uspid="50" ordinal="0" sl="50" sc="1" el="50" ec="2" bec="0" bev="0" fileid="2" />
              </SequencePoints>
              <BranchPoints />
              <MethodPoint vc="0" uspid="0" p8:type="SequencePoint" ordinal="3" offset="3" sc="0" sl="50" ec="1" el="50" bec="0" bev="0" fileid="2" xmlns:p8="xsi" />
            </Method>
            <Method cyclomaticComplexity="1" nPathComplexity="1" sequenceCoverage="0" branchCoverage="100" isConstructor="False" isGetter="True" isSetter="False" isStatic="True">
              <Summary numSequencePoints="1" visitedSequencePoints="0" numBranchPoints="0" visitedBranchPoints="0" sequenceCoverage="0" branchCoverage="100" maxCyclomaticComplexity="1" minCyclomaticComplexity="1" visitedClasses="0" numClasses="0" visitedMethods="0" numMethods="1" />
              <MetadataToken />
              <Name>System.String Microsoft.AspNetCore.OpenApi.Generated.&lt;OpenApiXmlCommentSupport_generated&gt;F63E60F50E3C509889C46EE10867C3A4A27AC563420904D807BA730CA545D5118__XmlComment::get_Value()</Name>
              <FileRef uid="2" />
              <SequencePoints>
                <SequencePoint vc="0" uspid="51" ordinal="0" sl="51" sc="1" el="51" ec="2" bec="0" bev="0" fileid="2" />
              </SequencePoints>
              <BranchPoints />
              <MethodPoint vc="0" uspid="0" p8:type="SequencePoint" ordinal="4" offset="4" sc="0" sl="51" ec="1" el="51" bec="0" bev="0" fileid="2" xmlns:p8="xsi" />
            </Method>
            <Method cyclomaticComplexity="1" nPathComplexity="1" sequenceCoverage="0" branchCoverage="100" isConstructor="False" isGetter="True" isSetter="False" isStatic="True">
              <Summary numSequencePoints="1" visitedSequencePoints="0" numBranchPoints="0" visitedBranchPoints="0" sequenceCoverage="0" branchCoverage="100" maxCyclomaticComplexity="1" minCyclomaticComplexity="1" visitedClasses="0" numClasses="0" visitedMethods="0" numMethods="1" />
              <MetadataToken />
              <Name>System.Boolean Microsoft.AspNetCore.OpenApi.Generated.&lt;OpenApiXmlCommentSupport_generated&gt;F63E60F50E3C509889C46EE10867C3A4A27AC563420904D807BA730CA545D5118__XmlComment::get_Deprecated()</Name>
              <FileRef uid="2" />
              <SequencePoints>
                <SequencePoint vc="0" uspid="52" ordinal="0" sl="52" sc="1" el="52" ec="2" bec="0" bev="0" fileid="2" />
              </SequencePoints>
              <BranchPoints />
              <MethodPoint vc="0" uspid="0" p8:type="SequencePoint" ordinal="5" offset="5" sc="0" sl="52" ec="1" el="52" bec="0" bev="0" fileid="2" xmlns:p8="xsi" />
            </Method>
            <Method cyclomaticComplexity="1" nPathComplexity="1" sequenceCoverage="0" branchCoverage="100" isConstructor="False" isGetter="True" isSetter="False" isStatic="True">
              <Summary numSequencePoints="1" visitedSequencePoints="0" numBranchPoints="0" visitedBranchPoints="0" sequenceCoverage="0" branchCoverage="100" maxCyclomaticComplexity="1" minCyclomaticComplexity="1" visitedClasses="0" numClasses="0" visitedMethods="0" numMethods="1" />
              <MetadataToken />
              <Name>System.Collections.Generic.List`1&lt;System.String&gt; Microsoft.AspNetCore.OpenApi.Generated.&lt;OpenApiXmlCommentSupport_generated&gt;F63E60F50E3C509889C46EE10867C3A4A27AC563420904D807BA730CA545D5118__XmlComment::get_Examples()</Name>
              <FileRef uid="2" />
              <SequencePoints>
                <SequencePoint vc="0" uspid="53" ordinal="0" sl="53" sc="1" el="53" ec="2" bec="0" bev="0" fileid="2" />
              </SequencePoints>
              <BranchPoints />
              <MethodPoint vc="0" uspid="0" p8:type="SequencePoint" ordinal="6" offset="6" sc="0" sl="53" ec="1" el="53" bec="0" bev="0" fileid="2" xmlns:p8="xsi" />
            </Method>
            <Method cyclomaticComplexity="1" nPathComplexity="1" sequenceCoverage="0" branchCoverage="100" isConstructor="False" isGetter="True" isSetter="False" isStatic="True">
              <Summary numSequencePoints="1" visitedSequencePoints="0" numBranchPoints="0" visitedBranchPoints="0" sequenceCoverage="0" branchCoverage="100" maxCyclomaticComplexity="1" minCyclomaticComplexity="1" visitedClasses="0" numClasses="0" visitedMethods="0" numMethods="1" />
              <MetadataToken />
              <Name>System.Collections.Generic.List`1&lt;Microsoft.AspNetCore.OpenApi.Generated.&lt;OpenApiXmlCommentSupport_generated&gt;F63E60F50E3C509889C46EE10867C3A4A27AC563420904D807BA730CA545D5118__XmlParameterComment&gt; Microsoft.AspNetCore.OpenApi.Generated.&lt;OpenApiXmlCommentSupport_generated&gt;F63E60F50E3C509889C46EE10867C3A4A27AC563420904D807BA730CA545D5118__XmlComment::get_Parameters()</Name>
              <FileRef uid="2" />
              <SequencePoints>
                <SequencePoint vc="0" uspid="54" ordinal="0" sl="54" sc="1" el="54" ec="2" bec="0" bev="0" fileid="2" />
              </SequencePoints>
              <BranchPoints />
              <MethodPoint vc="0" uspid="0" p8:type="SequencePoint" ordinal="7" offset="7" sc="0" sl="54" ec="1" el="54" bec="0" bev="0" fileid="2" xmlns:p8="xsi" />
            </Method>
            <Method cyclomaticComplexity="1" nPathComplexity="1" sequenceCoverage="0" branchCoverage="100" isConstructor="False" isGetter="True" isSetter="False" isStatic="True">
              <Summary numSequencePoints="1" visitedSequencePoints="0" numBranchPoints="0" visitedBranchPoints="0" sequenceCoverage="0" branchCoverage="100" maxCyclomaticComplexity="1" minCyclomaticComplexity="1" visitedClasses="0" numClasses="0" visitedMethods="0" numMethods="1" />
              <MetadataToken />
              <Name>System.Collections.Generic.List`1&lt;Microsoft.AspNetCore.OpenApi.Generated.&lt;OpenApiXmlCommentSupport_generated&gt;F63E60F50E3C509889C46EE10867C3A4A27AC563420904D807BA730CA545D5118__XmlResponseComment&gt; Microsoft.AspNetCore.OpenApi.Generated.&lt;OpenApiXmlCommentSupport_generated&gt;F63E60F50E3C509889C46EE10867C3A4A27AC563420904D807BA730CA545D5118__XmlComment::get_Responses()</Name>
              <FileRef uid="2" />
              <SequencePoints>
                <SequencePoint vc="0" uspid="55" ordinal="0" sl="55" sc="1" el="55" ec="2" bec="0" bev="0" fileid="2" />
              </SequencePoints>
              <BranchPoints />
              <MethodPoint vc="0" uspid="0" p8:type="SequencePoint" ordinal="8" offset="8" sc="0" sl="55" ec="1" el="55" bec="0" bev="0" fileid="2" xmlns:p8="xsi" />
            </Method>
            <Method cyclomaticComplexity="1" nPathComplexity="1" sequenceCoverage="0" branchCoverage="100" isConstructor="True" isGetter="False" isSetter="False" isStatic="True">
              <Summary numSequencePoints="1" visitedSequencePoints="0" numBranchPoints="0" visitedBranchPoints="0" sequenceCoverage="0" branchCoverage="100" maxCyclomaticComplexity="1" minCyclomaticComplexity="1" visitedClasses="0" numClasses="0" visitedMethods="0" numMethods="1" />
              <MetadataToken />
              <Name>System.Void Microsoft.AspNetCore.OpenApi.Generated.&lt;OpenApiXmlCommentSupport_generated&gt;F63E60F50E3C509889C46EE10867C3A4A27AC563420904D807BA730CA545D5118__XmlComment::.ctor(System.String,System.String,System.String,System.String,System.String,System.Boolean,System.Collections.Generic.List`1&lt;System.String&gt;,System.Collections.Generic.List`1&lt;Microsoft.AspNetCore.OpenApi.Generated.&lt;OpenApiXmlCommentSupport_generated&gt;F63E60F50E3C509889C46EE10867C3A4A27AC563420904D807BA730CA545D5118__XmlParameterComment&gt;,System.Collections.Generic.List`1&lt;Microsoft.AspNetCore.OpenApi.Generated.&lt;OpenApiXmlCommentSupport_generated&gt;F63E60F50E3C509889C46EE10867C3A4A27AC563420904D807BA730CA545D5118__XmlResponseComment&gt;)</Name>
              <FileRef uid="2" />
              <SequencePoints>
                <SequencePoint vc="0" uspid="46" ordinal="0" sl="46" sc="1" el="46" ec="2" bec="0" bev="0" fileid="2" />
              </SequencePoints>
              <BranchPoints />
              <MethodPoint vc="0" uspid="0" p8:type="SequencePoint" ordinal="9" offset="9" sc="0" sl="46" ec="1" el="46" bec="0" bev="0" fileid="2" xmlns:p8="xsi" />
            </Method>
          </Methods>
        </Class>
        <Class>
          <Summary numSequencePoints="1" visitedSequencePoints="0" numBranchPoints="0" visitedBranchPoints="0" sequenceCoverage="0" branchCoverage="100" maxCyclomaticComplexity="1" minCyclomaticComplexity="1" visitedClasses="0" numClasses="1" visitedMethods="0" numMethods="1" />
          <FullName>Microsoft.AspNetCore.OpenApi.Generated.&lt;OpenApiXmlCommentSupport_generated&gt;F63E60F50E3C509889C46EE10867C3A4A27AC563420904D807BA730CA545D5118__XmlParameterComment</FullName>
          <Methods>
            <Method cyclomaticComplexity="1" nPathComplexity="1" sequenceCoverage="0" branchCoverage="100" isConstructor="False" isGetter="True" isSetter="False" isStatic="True">
              <Summary numSequencePoints="1" visitedSequencePoints="0" numBranchPoints="0" visitedBranchPoints="0" sequenceCoverage="0" branchCoverage="100" maxCyclomaticComplexity="1" minCyclomaticComplexity="1" visitedClasses="0" numClasses="0" visitedMethods="0" numMethods="1" />
              <MetadataToken />
              <Name>System.String Microsoft.AspNetCore.OpenApi.Generated.&lt;OpenApiXmlCommentSupport_generated&gt;F63E60F50E3C509889C46EE10867C3A4A27AC563420904D807BA730CA545D5118__XmlParameterComment::get_Name()</Name>
              <FileRef uid="2" />
              <SequencePoints>
                <SequencePoint vc="0" uspid="58" ordinal="0" sl="58" sc="1" el="58" ec="2" bec="0" bev="0" fileid="2" />
              </SequencePoints>
              <BranchPoints />
              <MethodPoint vc="0" uspid="0" p8:type="SequencePoint" ordinal="0" offset="0" sc="0" sl="58" ec="1" el="58" bec="0" bev="0" fileid="2" xmlns:p8="xsi" />
            </Method>
          </Methods>
        </Class>
        <Class>
          <Summary numSequencePoints="1" visitedSequencePoints="0" numBranchPoints="0" visitedBranchPoints="0" sequenceCoverage="0" branchCoverage="100" maxCyclomaticComplexity="1" minCyclomaticComplexity="1" visitedClasses="0" numClasses="1" visitedMethods="0" numMethods="1" />
          <FullName>Microsoft.AspNetCore.OpenApi.Generated.&lt;OpenApiXmlCommentSupport_generated&gt;F63E60F50E3C509889C46EE10867C3A4A27AC563420904D807BA730CA545D5118__XmlResponseComment</FullName>
          <Methods>
            <Method cyclomaticComplexity="1" nPathComplexity="1" sequenceCoverage="0" branchCoverage="100" isConstructor="False" isGetter="True" isSetter="False" isStatic="True">
              <Summary numSequencePoints="1" visitedSequencePoints="0" numBranchPoints="0" visitedBranchPoints="0" sequenceCoverage="0" branchCoverage="100" maxCyclomaticComplexity="1" minCyclomaticComplexity="1" visitedClasses="0" numClasses="0" visitedMethods="0" numMethods="1" />
              <MetadataToken />
              <Name>System.String Microsoft.AspNetCore.OpenApi.Generated.&lt;OpenApiXmlCommentSupport_generated&gt;F63E60F50E3C509889C46EE10867C3A4A27AC563420904D807BA730CA545D5118__XmlResponseComment::get_Code()</Name>
              <FileRef uid="2" />
              <SequencePoints>
                <SequencePoint vc="0" uspid="61" ordinal="0" sl="61" sc="1" el="61" ec="2" bec="0" bev="0" fileid="2" />
              </SequencePoints>
              <BranchPoints />
              <MethodPoint vc="0" uspid="0" p8:type="SequencePoint" ordinal="0" offset="0" sc="0" sl="61" ec="1" el="61" bec="0" bev="0" fileid="2" xmlns:p8="xsi" />
            </Method>
          </Methods>
        </Class>
        <Class>
          <Summary numSequencePoints="5" visitedSequencePoints="0" numBranchPoints="2" visitedBranchPoints="0" sequenceCoverage="0" branchCoverage="0" maxCyclomaticComplexity="2" minCyclomaticComplexity="1" visitedClasses="0" numClasses="1" visitedMethods="0" numMethods="2" />
          <FullName>Microsoft.AspNetCore.OpenApi.Generated.&lt;OpenApiXmlCommentSupport_generated&gt;F63E60F50E3C509889C46EE10867C3A4A27AC563420904D807BA730CA545D5118__XmlCommentCache</FullName>
          <Methods>
            <Method cyclomaticComplexity="2" nPathComplexity="2" sequenceCoverage="0" branchCoverage="0" isConstructor="False" isGetter="True" isSetter="False" isStatic="True">
              <Summary numSequencePoints="1" visitedSequencePoints="0" numBranchPoints="2" visitedBranchPoints="0" sequenceCoverage="0" branchCoverage="0" maxCyclomaticComplexity="2" minCyclomaticComplexity="2" visitedClasses="0" numClasses="0" visitedMethods="0" numMethods="1" />
              <MetadataToken />
              <Name>System.Collections.Generic.Dictionary`2&lt;System.String,Microsoft.AspNetCore.OpenApi.Generated.&lt;OpenApiXmlCommentSupport_generated&gt;F63E60F50E3C509889C46EE10867C3A4A27AC563420904D807BA730CA545D5118__XmlComment&gt; Microsoft.AspNetCore.OpenApi.Generated.&lt;OpenApiXmlCommentSupport_generated&gt;F63E60F50E3C509889C46EE10867C3A4A27AC563420904D807BA730CA545D5118__XmlCommentCache::get_Cache()</Name>
              <FileRef uid="2" />
              <SequencePoints>
                <SequencePoint vc="0" uspid="67" ordinal="0" sl="67" sc="1" el="67" ec="2" bec="2" bev="0" fileid="2" />
              </SequencePoints>
              <BranchPoints>
                <BranchPoint vc="0" uspid="67" ordinal="0" path="0" offset="6" offsetend="8" sl="67" fileid="2" />
                <BranchPoint vc="0" uspid="67" ordinal="1" path="1" offset="6" offsetend="20" sl="67" fileid="2" />
              </BranchPoints>
              <MethodPoint vc="0" uspid="0" p8:type="SequencePoint" ordinal="0" offset="0" sc="0" sl="67" ec="1" el="67" bec="0" bev="0" fileid="2" xmlns:p8="xsi" />
            </Method>
            <Method cyclomaticComplexity="1" nPathComplexity="1" sequenceCoverage="0" branchCoverage="100" isConstructor="False" isGetter="False" isSetter="False" isStatic="True">
              <Summary numSequencePoints="4" visitedSequencePoints="0" numBranchPoints="0" visitedBranchPoints="0" sequenceCoverage="0" branchCoverage="100" maxCyclomaticComplexity="1" minCyclomaticComplexity="1" visitedClasses="0" numClasses="0" visitedMethods="0" numMethods="1" />
              <MetadataToken />
              <Name>System.Collections.Generic.Dictionary`2&lt;System.String,Microsoft.AspNetCore.OpenApi.Generated.&lt;OpenApiXmlCommentSupport_generated&gt;F63E60F50E3C509889C46EE10867C3A4A27AC563420904D807BA730CA545D5118__XmlComment&gt; Microsoft.AspNetCore.OpenApi.Generated.&lt;OpenApiXmlCommentSupport_generated&gt;F63E60F50E3C509889C46EE10867C3A4A27AC563420904D807BA730CA545D5118__XmlCommentCache::GenerateCacheEntries()</Name>
              <FileRef uid="2" />
              <SequencePoints>
                <SequencePoint vc="0" uspid="70" ordinal="0" sl="70" sc="1" el="70" ec="2" bec="0" bev="0" fileid="2" />
                <SequencePoint vc="0" uspid="71" ordinal="1" sl="71" sc="1" el="71" ec="2" bec="0" bev="0" fileid="2" />
                <SequencePoint vc="0" uspid="74" ordinal="2" sl="74" sc="1" el="74" ec="2" bec="0" bev="0" fileid="2" />
                <SequencePoint vc="0" uspid="75" ordinal="3" sl="75" sc="1" el="75" ec="2" bec="0" bev="0" fileid="2" />
              </SequencePoints>
              <BranchPoints />
              <MethodPoint vc="0" uspid="0" p8:type="SequencePoint" ordinal="1" offset="1" sc="0" sl="70" ec="1" el="75" bec="0" bev="0" fileid="2" xmlns:p8="xsi" />
            </Method>
          </Methods>
        </Class>
        <Class>
          <Summary numSequencePoints="155" visitedSequencePoints="0" numBranchPoints="68" visitedBranchPoints="0" sequenceCoverage="0" branchCoverage="0" maxCyclomaticComplexity="28" minCyclomaticComplexity="2" visitedClasses="0" numClasses="1" visitedMethods="0" numMethods="6" />
          <FullName>Microsoft.AspNetCore.OpenApi.Generated.&lt;OpenApiXmlCommentSupport_generated&gt;F63E60F50E3C509889C46EE10867C3A4A27AC563420904D807BA730CA545D5118__DocumentationCommentIdHelper</FullName>
          <Methods>
            <Method cyclomaticComplexity="2" nPathComplexity="2" sequenceCoverage="0" branchCoverage="0" isConstructor="False" isGetter="False" isSetter="False" isStatic="True">
              <Summary numSequencePoints="6" visitedSequencePoints="0" numBranchPoints="2" visitedBranchPoints="0" sequenceCoverage="0" branchCoverage="0" maxCyclomaticComplexity="2" minCyclomaticComplexity="2" visitedClasses="0" numClasses="0" visitedMethods="0" numMethods="1" />
              <MetadataToken />
              <Name>System.String Microsoft.AspNetCore.OpenApi.Generated.&lt;OpenApiXmlCommentSupport_generated&gt;F63E60F50E3C509889C46EE10867C3A4A27AC563420904D807BA730CA545D5118__DocumentationCommentIdHelper::CreateDocumentationId(System.Type)</Name>
              <FileRef uid="2" />
              <SequencePoints>
                <SequencePoint vc="0" uspid="86" ordinal="0" sl="86" sc="1" el="86" ec="2" bec="0" bev="0" fileid="2" />
                <SequencePoint vc="0" uspid="87" ordinal="1" sl="87" sc="1" el="87" ec="2" bec="2" bev="0" fileid="2" />
                <SequencePoint vc="0" uspid="88" ordinal="2" sl="88" sc="1" el="88" ec="2" bec="0" bev="0" fileid="2" />
                <SequencePoint vc="0" uspid="89" ordinal="3" sl="89" sc="1" el="89" ec="2" bec="0" bev="0" fileid="2" />
                <SequencePoint vc="0" uspid="92" ordinal="4" sl="92" sc="1" el="92" ec="2" bec="0" bev="0" fileid="2" />
                <SequencePoint vc="0" uspid="93" ordinal="5" sl="93" sc="1" el="93" ec="2" bec="0" bev="0" fileid="2" />
              </SequencePoints>
              <BranchPoints>
                <BranchPoint vc="0" uspid="87" ordinal="0" path="0" offset="10" offsetend="12" sl="87" fileid="2" />
                <BranchPoint vc="0" uspid="87" ordinal="1" path="1" offset="10" offsetend="24" sl="87" fileid="2" />
              </BranchPoints>
              <MethodPoint vc="0" uspid="0" p8:type="SequencePoint" ordinal="0" offset="0" sc="0" sl="86" ec="1" el="93" bec="0" bev="0" fileid="2" xmlns:p8="xsi" />
            </Method>
            <Method cyclomaticComplexity="10" nPathComplexity="10" sequenceCoverage="0" branchCoverage="0" isConstructor="False" isGetter="False" isSetter="False" isStatic="True">
              <Summary numSequencePoints="28" visitedSequencePoints="0" numBranchPoints="10" visitedBranchPoints="0" sequenceCoverage="0" branchCoverage="0" maxCyclomaticComplexity="10" minCyclomaticComplexity="10" visitedClasses="0" numClasses="0" visitedMethods="0" numMethods="1" />
              <MetadataToken />
              <Name>System.String Microsoft.AspNetCore.OpenApi.Generated.&lt;OpenApiXmlCommentSupport_generated&gt;F63E60F50E3C509889C46EE10867C3A4A27AC563420904D807BA730CA545D5118__DocumentationCommentIdHelper::CreateDocumentationId(System.Reflection.PropertyInfo)</Name>
              <FileRef uid="2" />
              <SequencePoints>
                <SequencePoint vc="0" uspid="100" ordinal="0" sl="100" sc="1" el="100" ec="2" bec="0" bev="0" fileid="2" />
                <SequencePoint vc="0" uspid="101" ordinal="1" sl="101" sc="1" el="101" ec="2" bec="2" bev="0" fileid="2" />
                <SequencePoint vc="0" uspid="102" ordinal="2" sl="102" sc="1" el="102" ec="2" bec="0" bev="0" fileid="2" />
                <SequencePoint vc="0" uspid="103" ordinal="3" sl="103" sc="1" el="103" ec="2" bec="0" bev="0" fileid="2" />
                <SequencePoint vc="0" uspid="106" ordinal="4" sl="106" sc="1" el="106" ec="2" bec="0" bev="0" fileid="2" />
                <SequencePoint vc="0" uspid="107" ordinal="5" sl="107" sc="1" el="107" ec="2" bec="0" bev="0" fileid="2" />
                <SequencePoint vc="0" uspid="109" ordinal="6" sl="109" sc="1" el="109" ec="2" bec="2" bev="0" fileid="2" />
                <SequencePoint vc="0" uspid="110" ordinal="7" sl="110" sc="1" el="110" ec="2" bec="0" bev="0" fileid="2" />
                <SequencePoint vc="0" uspid="111" ordinal="8" sl="111" sc="1" el="111" ec="2" bec="0" bev="0" fileid="2" />
                <SequencePoint vc="0" uspid="112" ordinal="9" sl="112" sc="1" el="112" ec="2" bec="0" bev="0" fileid="2" />
                <SequencePoint vc="0" uspid="114" ordinal="10" sl="114" sc="1" el="114" ec="2" bec="0" bev="0" fileid="2" />
                <SequencePoint vc="0" uspid="115" ordinal="11" sl="115" sc="1" el="115" ec="2" bec="0" bev="0" fileid="2" />
                <SequencePoint vc="0" uspid="118" ordinal="12" sl="118" sc="1" el="118" ec="2" bec="0" bev="0" fileid="2" />
                <SequencePoint vc="0" uspid="119" ordinal="13" sl="119" sc="1" el="119" ec="2" bec="2" bev="0" fileid="2" />
                <SequencePoint vc="0" uspid="120" ordinal="14" sl="120" sc="1" el="120" ec="2" bec="0" bev="0" fileid="2" />
                <SequencePoint vc="0" uspid="121" ordinal="15" sl="121" sc="1" el="121" ec="2" bec="0" bev="0" fileid="2" />
                <SequencePoint vc="0" uspid="122" ordinal="16" sl="122" sc="1" el="122" ec="2" bec="2" bev="0" fileid="2" />
                <SequencePoint vc="0" uspid="123" ordinal="17" sl="123" sc="1" el="123" ec="2" bec="0" bev="0" fileid="2" />
                <SequencePoint vc="0" uspid="124" ordinal="18" sl="124" sc="1" el="124" ec="2" bec="2" bev="0" fileid="2" />
                <SequencePoint vc="0" uspid="125" ordinal="19" sl="125" sc="1" el="125" ec="2" bec="0" bev="0" fileid="2" />
                <SequencePoint vc="0" uspid="126" ordinal="20" sl="126" sc="1" el="126" ec="2" bec="0" bev="0" fileid="2" />
                <SequencePoint vc="0" uspid="127" ordinal="21" sl="127" sc="1" el="127" ec="2" bec="0" bev="0" fileid="2" />
                <SequencePoint vc="0" uspid="129" ordinal="22" sl="129" sc="1" el="129" ec="2" bec="0" bev="0" fileid="2" />
                <SequencePoint vc="0" uspid="130" ordinal="23" sl="130" sc="1" el="130" ec="2" bec="0" bev="0" fileid="2" />
                <SequencePoint vc="0" uspid="131" ordinal="24" sl="131" sc="1" el="131" ec="2" bec="0" bev="0" fileid="2" />
                <SequencePoint vc="0" uspid="132" ordinal="25" sl="132" sc="1" el="132" ec="2" bec="0" bev="0" fileid="2" />
                <SequencePoint vc="0" uspid="134" ordinal="26" sl="134" sc="1" el="134" ec="2" bec="0" bev="0" fileid="2" />
                <SequencePoint vc="0" uspid="135" ordinal="27" sl="135" sc="1" el="135" ec="2" bec="0" bev="0" fileid="2" />
              </SequencePoints>
              <BranchPoints>
                <BranchPoint vc="0" uspid="101" ordinal="0" path="0" offset="10" offsetend="12" sl="101" fileid="2" />
                <BranchPoint vc="0" uspid="101" ordinal="1" path="1" offset="10" offsetend="24" sl="101" fileid="2" />
                <BranchPoint vc="0" uspid="109" ordinal="2" path="0" offset="56" offsetend="58" sl="109" fileid="2" />
                <BranchPoint vc="0" uspid="109" ordinal="3" path="1" offset="56" offsetend="80" sl="109" fileid="2" />
                <BranchPoint vc="0" uspid="119" ordinal="4" path="0" offset="118" offsetend="120" sl="119" fileid="2" />
                <BranchPoint vc="0" uspid="122" ordinal="9" path="1" offset="199" offsetend="135" sl="122" fileid="2" />
                <BranchPoint vc="0" uspid="124" ordinal="6" path="0" offset="145" offsetend="147" sl="124" fileid="2" />
                <BranchPoint vc="0" uspid="124" ordinal="7" path="1" offset="145" offsetend="158" sl="124" fileid="2" />
                <BranchPoint vc="0" uspid="122" ordinal="8" path="0" offset="199" offsetend="201" sl="122" fileid="2" />
                <BranchPoint vc="0" uspid="119" ordinal="5" path="1" offset="118" offsetend="211" sl="119" fileid="2" />
              </BranchPoints>
              <MethodPoint vc="0" uspid="0" p8:type="SequencePoint" ordinal="1" offset="1" sc="0" sl="100" ec="1" el="135" bec="0" bev="0" fileid="2" xmlns:p8="xsi" />
            </Method>
            <Method cyclomaticComplexity="4" nPathComplexity="4" sequenceCoverage="0" branchCoverage="0" isConstructor="False" isGetter="False" isSetter="False" isStatic="True">
              <Summary numSequencePoints="14" visitedSequencePoints="0" numBranchPoints="4" visitedBranchPoints="0" sequenceCoverage="0" branchCoverage="0" maxCyclomaticComplexity="4" minCyclomaticComplexity="4" visitedClasses="0" numClasses="0" visitedMethods="0" numMethods="1" />
              <MetadataToken />
              <Name>System.String Microsoft.AspNetCore.OpenApi.Generated.&lt;OpenApiXmlCommentSupport_generated&gt;F63E60F50E3C509889C46EE10867C3A4A27AC563420904D807BA730CA545D5118__DocumentationCommentIdHelper::CreateDocumentationId(System.Type,System.String)</Name>
              <FileRef uid="2" />
              <SequencePoints>
                <SequencePoint vc="0" uspid="142" ordinal="0" sl="142" sc="1" el="142" ec="2" bec="0" bev="0" fileid="2" />
                <SequencePoint vc="0" uspid="143" ordinal="1" sl="143" sc="1" el="143" ec="2" bec="2" bev="0" fileid="2" />
                <SequencePoint vc="0" uspid="144" ordinal="2" sl="144" sc="1" el="144" ec="2" bec="0" bev="0" fileid="2" />
                <SequencePoint vc="0" uspid="145" ordinal="3" sl="145" sc="1" el="145" ec="2" bec="0" bev="0" fileid="2" />
                <SequencePoint vc="0" uspid="147" ordinal="4" sl="147" sc="1" el="147" ec="2" bec="2" bev="0" fileid="2" />
                <SequencePoint vc="0" uspid="148" ordinal="5" sl="148" sc="1" el="148" ec="2" bec="0" bev="0" fileid="2" />
                <SequencePoint vc="0" uspid="149" ordinal="6" sl="149" sc="1" el="149" ec="2" bec="0" bev="0" fileid="2" />
                <SequencePoint vc="0" uspid="152" ordinal="7" sl="152" sc="1" el="152" ec="2" bec="0" bev="0" fileid="2" />
                <SequencePoint vc="0" uspid="153" ordinal="8" sl="153" sc="1" el="153" ec="2" bec="0" bev="0" fileid="2" />
                <SequencePoint vc="0" uspid="154" ordinal="9" sl="154" sc="1" el="154" ec="2" bec="0" bev="0" fileid="2" />
                <SequencePoint vc="0" uspid="155" ordinal="10" sl="155" sc="1" el="155" ec="2" bec="0" bev="0" fileid="2" />
                <SequencePoint vc="0" uspid="156" ordinal="11" sl="156" sc="1" el="156" ec="2" bec="0" bev="0" fileid="2" />
                <SequencePoint vc="0" uspid="158" ordinal="12" sl="158" sc="1" el="158" ec="2" bec="0" bev="0" fileid="2" />
                <SequencePoint vc="0" uspid="159" ordinal="13" sl="159" sc="1" el="159" ec="2" bec="0" bev="0" fileid="2" />
              </SequencePoints>
              <BranchPoints>
                <BranchPoint vc="0" uspid="143" ordinal="0" path="0" offset="10" offsetend="12" sl="143" fileid="2" />
                <BranchPoint vc="0" uspid="143" ordinal="1" path="1" offset="10" offsetend="24" sl="143" fileid="2" />
                <BranchPoint vc="0" uspid="147" ordinal="2" path="0" offset="32" offsetend="34" sl="147" fileid="2" />
                <BranchPoint vc="0" uspid="147" ordinal="3" path="1" offset="32" offsetend="51" sl="147" fileid="2" />
              </BranchPoints>
              <MethodPoint vc="0" uspid="0" p8:type="SequencePoint" ordinal="2" offset="2" sc="0" sl="142" ec="1" el="159" bec="0" bev="0" fileid="2" xmlns:p8="xsi" />
            </Method>
            <Method cyclomaticComplexity="18" nPathComplexity="18" sequenceCoverage="0" branchCoverage="0" isConstructor="False" isGetter="False" isSetter="False" isStatic="True">
              <Summary numSequencePoints="44" visitedSequencePoints="0" numBranchPoints="18" visitedBranchPoints="0" sequenceCoverage="0" branchCoverage="0" maxCyclomaticComplexity="18" minCyclomaticComplexity="18" visitedClasses="0" numClasses="0" visitedMethods="0" numMethods="1" />
              <MetadataToken />
              <Name>System.String Microsoft.AspNetCore.OpenApi.Generated.&lt;OpenApiXmlCommentSupport_generated&gt;F63E60F50E3C509889C46EE10867C3A4A27AC563420904D807BA730CA545D5118__DocumentationCommentIdHelper::CreateDocumentationId(System.Reflection.MethodInfo)</Name>
              <FileRef uid="2" />
              <SequencePoints>
                <SequencePoint vc="0" uspid="168" ordinal="0" sl="168" sc="1" el="168" ec="2" bec="0" bev="0" fileid="2" />
                <SequencePoint vc="0" uspid="169" ordinal="1" sl="169" sc="1" el="169" ec="2" bec="2" bev="0" fileid="2" />
                <SequencePoint vc="0" uspid="170" ordinal="2" sl="170" sc="1" el="170" ec="2" bec="0" bev="0" fileid="2" />
                <SequencePoint vc="0" uspid="171" ordinal="3" sl="171" sc="1" el="171" ec="2" bec="0" bev="0" fileid="2" />
                <SequencePoint vc="0" uspid="174" ordinal="4" sl="174" sc="1" el="174" ec="2" bec="0" bev="0" fileid="2" />
                <SequencePoint vc="0" uspid="175" ordinal="5" sl="175" sc="1" el="175" ec="2" bec="0" bev="0" fileid="2" />
                <SequencePoint vc="0" uspid="178" ordinal="6" sl="178" sc="1" el="178" ec="2" bec="2" bev="0" fileid="2" />
                <SequencePoint vc="0" uspid="179" ordinal="7" sl="179" sc="1" el="179" ec="2" bec="0" bev="0" fileid="2" />
                <SequencePoint vc="0" uspid="180" ordinal="8" sl="180" sc="1" el="180" ec="2" bec="0" bev="0" fileid="2" />
                <SequencePoint vc="0" uspid="181" ordinal="9" sl="181" sc="1" el="181" ec="2" bec="0" bev="0" fileid="2" />
                <SequencePoint vc="0" uspid="183" ordinal="10" sl="183" sc="1" el="183" ec="2" bec="0" bev="0" fileid="2" />
                <SequencePoint vc="0" uspid="186" ordinal="11" sl="186" sc="1" el="186" ec="2" bec="2" bev="0" fileid="2" />
                <SequencePoint vc="0" uspid="187" ordinal="12" sl="187" sc="1" el="187" ec="2" bec="0" bev="0" fileid="2" />
                <SequencePoint vc="0" uspid="188" ordinal="13" sl="188" sc="1" el="188" ec="2" bec="2" bev="0" fileid="2" />
                <SequencePoint vc="0" uspid="189" ordinal="14" sl="189" sc="1" el="189" ec="2" bec="0" bev="0" fileid="2" />
                <SequencePoint vc="0" uspid="191" ordinal="15" sl="191" sc="1" el="191" ec="2" bec="0" bev="0" fileid="2" />
                <SequencePoint vc="0" uspid="192" ordinal="16" sl="192" sc="1" el="192" ec="2" bec="0" bev="0" fileid="2" />
                <SequencePoint vc="0" uspid="193" ordinal="17" sl="193" sc="1" el="193" ec="2" bec="2" bev="0" fileid="2" />
                <SequencePoint vc="0" uspid="194" ordinal="18" sl="194" sc="1" el="194" ec="2" bec="0" bev="0" fileid="2" />
                <SequencePoint vc="0" uspid="195" ordinal="19" sl="195" sc="1" el="195" ec="2" bec="0" bev="0" fileid="2" />
                <SequencePoint vc="0" uspid="196" ordinal="20" sl="196" sc="1" el="196" ec="2" bec="0" bev="0" fileid="2" />
                <SequencePoint vc="0" uspid="197" ordinal="21" sl="197" sc="1" el="197" ec="2" bec="0" bev="0" fileid="2" />
                <SequencePoint vc="0" uspid="198" ordinal="22" sl="198" sc="1" el="198" ec="2" bec="0" bev="0" fileid="2" />
                <SequencePoint vc="0" uspid="201" ordinal="23" sl="201" sc="1" el="201" ec="2" bec="0" bev="0" fileid="2" />
                <SequencePoint vc="0" uspid="202" ordinal="24" sl="202" sc="1" el="202" ec="2" bec="2" bev="0" fileid="2" />
                <SequencePoint vc="0" uspid="203" ordinal="25" sl="203" sc="1" el="203" ec="2" bec="0" bev="0" fileid="2" />
                <SequencePoint vc="0" uspid="204" ordinal="26" sl="204" sc="1" el="204" ec="2" bec="0" bev="0" fileid="2" />
                <SequencePoint vc="0" uspid="205" ordinal="27" sl="205" sc="1" el="205" ec="2" bec="2" bev="0" fileid="2" />
                <SequencePoint vc="0" uspid="206" ordinal="28" sl="206" sc="1" el="206" ec="2" bec="0" bev="0" fileid="2" />
                <SequencePoint vc="0" uspid="207" ordinal="29" sl="207" sc="1" el="207" ec="2" bec="2" bev="0" fileid="2" />
                <SequencePoint vc="0" uspid="208" ordinal="30" sl="208" sc="1" el="208" ec="2" bec="0" bev="0" fileid="2" />
                <SequencePoint vc="0" uspid="209" ordinal="31" sl="209" sc="1" el="209" ec="2" bec="0" bev="0" fileid="2" />
                <SequencePoint vc="0" uspid="210" ordinal="32" sl="210" sc="1" el="210" ec="2" bec="0" bev="0" fileid="2" />
                <SequencePoint vc="0" uspid="213" ordinal="33" sl="213" sc="1" el="213" ec="2" bec="0" bev="0" fileid="2" />
                <SequencePoint vc="0" uspid="214" ordinal="34" sl="214" sc="1" el="214" ec="2" bec="0" bev="0" fileid="2" />
                <SequencePoint vc="0" uspid="215" ordinal="35" sl="215" sc="1" el="215" ec="2" bec="0" bev="0" fileid="2" />
                <SequencePoint vc="0" uspid="216" ordinal="36" sl="216" sc="1" el="216" ec="2" bec="0" bev="0" fileid="2" />
                <SequencePoint vc="0" uspid="219" ordinal="37" sl="219" sc="1" el="219" ec="2" bec="2" bev="0" fileid="2" />
                <SequencePoint vc="0" uspid="220" ordinal="38" sl="220" sc="1" el="220" ec="2" bec="0" bev="0" fileid="2" />
                <SequencePoint vc="0" uspid="221" ordinal="39" sl="221" sc="1" el="221" ec="2" bec="0" bev="0" fileid="2" />
                <SequencePoint vc="0" uspid="223" ordinal="40" sl="223" sc="1" el="223" ec="2" bec="0" bev="0" fileid="2" />
                <SequencePoint vc="0" uspid="224" ordinal="41" sl="224" sc="1" el="224" ec="2" bec="0" bev="0" fileid="2" />
                <SequencePoint vc="0" uspid="226" ordinal="42" sl="226" sc="1" el="226" ec="2" bec="0" bev="0" fileid="2" />
                <SequencePoint vc="0" uspid="227" ordinal="43" sl="227" sc="1" el="227" ec="2" bec="0" bev="0" fileid="2" />
              </SequencePoints>
              <BranchPoints>
                <BranchPoint vc="0" uspid="169" ordinal="0" path="0" offset="10" offsetend="12" sl="169" fileid="2" />
                <BranchPoint vc="0" uspid="169" ordinal="1" path="1" offset="10" offsetend="24" sl="169" fileid="2" />
                <BranchPoint vc="0" uspid="178" ordinal="2" path="0" offset="56" offsetend="58" sl="178" fileid="2" />
                <BranchPoint vc="0" uspid="178" ordinal="3" path="1" offset="56" offsetend="80" sl="178" fileid="2" />
                <BranchPoint vc="0" uspid="186" ordinal="4" path="0" offset="99" offsetend="101" sl="186" fileid="2" />
                <BranchPoint vc="0" uspid="188" ordinal="6" path="0" offset="109" offsetend="111" sl="188" fileid="2" />
                <BranchPoint vc="0" uspid="188" ordinal="7" path="1" offset="109" offsetend="118" sl="188" fileid="2" />
                <BranchPoint vc="0" uspid="186" ordinal="5" path="1" offset="99" offsetend="132" sl="186" fileid="2" />
                <BranchPoint vc="0" uspid="193" ordinal="8" path="0" offset="156" offsetend="158" sl="193" fileid="2" />
                <BranchPoint vc="0" uspid="193" ordinal="9" path="1" offset="156" offsetend="202" sl="193" fileid="2" />
                <BranchPoint vc="0" uspid="202" ordinal="10" path="0" offset="219" offsetend="221" sl="202" fileid="2" />
                <BranchPoint vc="0" uspid="205" ordinal="15" path="1" offset="300" offsetend="236" sl="205" fileid="2" />
                <BranchPoint vc="0" uspid="207" ordinal="12" path="0" offset="246" offsetend="248" sl="207" fileid="2" />
                <BranchPoint vc="0" uspid="207" ordinal="13" path="1" offset="246" offsetend="259" sl="207" fileid="2" />
                <BranchPoint vc="0" uspid="205" ordinal="14" path="0" offset="300" offsetend="302" sl="205" fileid="2" />
                <BranchPoint vc="0" uspid="202" ordinal="11" path="1" offset="219" offsetend="312" sl="202" fileid="2" />
                <BranchPoint vc="0" uspid="219" ordinal="16" path="0" offset="337" offsetend="339" sl="219" fileid="2" />
                <BranchPoint vc="0" uspid="219" ordinal="17" path="1" offset="337" offsetend="370" sl="219" fileid="2" />
              </BranchPoints>
              <MethodPoint vc="0" uspid="0" p8:type="SequencePoint" ordinal="3" offset="3" sc="0" sl="168" ec="1" el="227" bec="0" bev="0" fileid="2" xmlns:p8="xsi" />
            </Method>
            <Method cyclomaticComplexity="28" nPathComplexity="28" sequenceCoverage="0" branchCoverage="0" isConstructor="False" isGetter="False" isSetter="False" isStatic="True">
              <Summary numSequencePoints="53" visitedSequencePoints="0" numBranchPoints="28" visitedBranchPoints="0" sequenceCoverage="0" branchCoverage="0" maxCyclomaticComplexity="28" minCyclomaticComplexity="28" visitedClasses="0" numClasses="0" visitedMethods="0" numMethods="1" />
              <MetadataToken />
              <Name>System.String Microsoft.AspNetCore.OpenApi.Generated.&lt;OpenApiXmlCommentSupport_generated&gt;F63E60F50E3C509889C46EE10867C3A4A27AC563420904D807BA730CA545D5118__DocumentationCommentIdHelper::GetTypeDocId(System.Type,System.Boolean,System.Boolean)</Name>
              <FileRef uid="2" />
              <SequencePoints>
                <SequencePoint vc="0" uspid="238" ordinal="0" sl="238" sc="1" el="238" ec="2" bec="0" bev="0" fileid="2" />
                <SequencePoint vc="0" uspid="239" ordinal="1" sl="239" sc="1" el="239" ec="2" bec="2" bev="0" fileid="2" />
                <SequencePoint vc="0" uspid="240" ordinal="2" sl="240" sc="1" el="240" ec="2" bec="0" bev="0" fileid="2" />
                <SequencePoint vc="0" uspid="242" ordinal="3" sl="242" sc="1" el="242" ec="2" bec="2" bev="0" fileid="2" />
                <SequencePoint vc="0" uspid="243" ordinal="4" sl="243" sc="1" el="243" ec="2" bec="0" bev="0" fileid="2" />
                <SequencePoint vc="0" uspid="244" ordinal="5" sl="244" sc="1" el="244" ec="2" bec="0" bev="0" fileid="2" />
                <SequencePoint vc="0" uspid="246" ordinal="6" sl="246" sc="1" el="246" ec="2" bec="2" bev="0" fileid="2" />
                <SequencePoint vc="0" uspid="247" ordinal="7" sl="247" sc="1" el="247" ec="2" bec="0" bev="0" fileid="2" />
                <SequencePoint vc="0" uspid="248" ordinal="8" sl="248" sc="1" el="248" ec="2" bec="0" bev="0" fileid="2" />
                <SequencePoint vc="0" uspid="251" ordinal="9" sl="251" sc="1" el="251" ec="2" bec="0" bev="0" fileid="2" />
                <SequencePoint vc="0" uspid="252" ordinal="10" sl="252" sc="1" el="252" ec="2" bec="0" bev="0" fileid="2" />
                <SequencePoint vc="0" uspid="256" ordinal="11" sl="256" sc="1" el="256" ec="2" bec="2" bev="0" fileid="2" />
                <SequencePoint vc="0" uspid="257" ordinal="12" sl="257" sc="1" el="257" ec="2" bec="0" bev="0" fileid="2" />
                <SequencePoint vc="0" uspid="258" ordinal="13" sl="258" sc="1" el="258" ec="2" bec="0" bev="0" fileid="2" />
                <SequencePoint vc="0" uspid="259" ordinal="14" sl="259" sc="1" el="259" ec="2" bec="2" bev="0" fileid="2" />
                <SequencePoint vc="0" uspid="261" ordinal="15" sl="261" sc="1" el="261" ec="2" bec="0" bev="0" fileid="2" />
                <SequencePoint vc="0" uspid="264" ordinal="16" sl="264" sc="1" el="264" ec="2" bec="2" bev="0" fileid="2" />
                <SequencePoint vc="0" uspid="265" ordinal="17" sl="265" sc="1" el="265" ec="2" bec="0" bev="0" fileid="2" />
                <SequencePoint vc="0" uspid="266" ordinal="18" sl="266" sc="1" el="266" ec="2" bec="0" bev="0" fileid="2" />
                <SequencePoint vc="0" uspid="267" ordinal="19" sl="267" sc="1" el="267" ec="2" bec="2" bev="0" fileid="2" />
                <SequencePoint vc="0" uspid="268" ordinal="20" sl="268" sc="1" el="268" ec="2" bec="0" bev="0" fileid="2" />
                <SequencePoint vc="0" uspid="269" ordinal="21" sl="269" sc="1" el="269" ec="2" bec="0" bev="0" fileid="2" />
                <SequencePoint vc="0" uspid="270" ordinal="22" sl="270" sc="1" el="270" ec="2" bec="0" bev="0" fileid="2" />
                <SequencePoint vc="0" uspid="271" ordinal="23" sl="271" sc="1" el="271" ec="2" bec="2" bev="0" fileid="2" />
                <SequencePoint vc="0" uspid="272" ordinal="24" sl="272" sc="1" el="272" ec="2" bec="0" bev="0" fileid="2" />
                <SequencePoint vc="0" uspid="273" ordinal="25" sl="273" sc="1" el="273" ec="2" bec="0" bev="0" fileid="2" />
                <SequencePoint vc="0" uspid="276" ordinal="26" sl="276" sc="1" el="276" ec="2" bec="0" bev="0" fileid="2" />
                <SequencePoint vc="0" uspid="277" ordinal="27" sl="277" sc="1" el="277" ec="2" bec="0" bev="0" fileid="2" />
                <SequencePoint vc="0" uspid="278" ordinal="28" sl="278" sc="1" el="278" ec="2" bec="0" bev="0" fileid="2" />
                <SequencePoint vc="0" uspid="279" ordinal="29" sl="279" sc="1" el="279" ec="2" bec="0" bev="0" fileid="2" />
                <SequencePoint vc="0" uspid="281" ordinal="30" sl="281" sc="1" el="281" ec="2" bec="2" bev="0" fileid="2" />
                <SequencePoint vc="0" uspid="282" ordinal="31" sl="282" sc="1" el="282" ec="2" bec="0" bev="0" fileid="2" />
                <SequencePoint vc="0" uspid="283" ordinal="32" sl="283" sc="1" el="283" ec="2" bec="0" bev="0" fileid="2" />
                <SequencePoint vc="0" uspid="284" ordinal="33" sl="284" sc="1" el="284" ec="2" bec="0" bev="0" fileid="2" />
                <SequencePoint vc="0" uspid="285" ordinal="34" sl="285" sc="1" el="285" ec="2" bec="0" bev="0" fileid="2" />
                <SequencePoint vc="0" uspid="286" ordinal="35" sl="286" sc="1" el="286" ec="2" bec="0" bev="0" fileid="2" />
                <SequencePoint vc="0" uspid="288" ordinal="36" sl="288" sc="1" el="288" ec="2" bec="4" bev="0" fileid="2" />
                <SequencePoint vc="0" uspid="289" ordinal="37" sl="289" sc="1" el="289" ec="2" bec="0" bev="0" fileid="2" />
                <SequencePoint vc="0" uspid="290" ordinal="38" sl="290" sc="1" el="290" ec="2" bec="0" bev="0" fileid="2" />
                <SequencePoint vc="0" uspid="291" ordinal="39" sl="291" sc="1" el="291" ec="2" bec="0" bev="0" fileid="2" />
                <SequencePoint vc="0" uspid="293" ordinal="40" sl="293" sc="1" el="293" ec="2" bec="2" bev="0" fileid="2" />
                <SequencePoint vc="0" uspid="294" ordinal="41" sl="294" sc="1" el="294" ec="2" bec="0" bev="0" fileid="2" />
                <SequencePoint vc="0" uspid="295" ordinal="42" sl="295" sc="1" el="295" ec="2" bec="2" bev="0" fileid="2" />
                <SequencePoint vc="0" uspid="296" ordinal="43" sl="296" sc="1" el="296" ec="2" bec="0" bev="0" fileid="2" />
                <SequencePoint vc="0" uspid="297" ordinal="44" sl="297" sc="1" el="297" ec="2" bec="0" bev="0" fileid="2" />
                <SequencePoint vc="0" uspid="298" ordinal="45" sl="298" sc="1" el="298" ec="2" bec="0" bev="0" fileid="2" />
                <SequencePoint vc="0" uspid="300" ordinal="46" sl="300" sc="1" el="300" ec="2" bec="0" bev="0" fileid="2" />
                <SequencePoint vc="0" uspid="301" ordinal="47" sl="301" sc="1" el="301" ec="2" bec="0" bev="0" fileid="2" />
                <SequencePoint vc="0" uspid="303" ordinal="48" sl="303" sc="1" el="303" ec="2" bec="0" bev="0" fileid="2" />
                <SequencePoint vc="0" uspid="304" ordinal="49" sl="304" sc="1" el="304" ec="2" bec="0" bev="0" fileid="2" />
                <SequencePoint vc="0" uspid="306" ordinal="50" sl="306" sc="1" el="306" ec="2" bec="0" bev="0" fileid="2" />
                <SequencePoint vc="0" uspid="310" ordinal="51" sl="310" sc="1" el="310" ec="2" bec="2" bev="0" fileid="2" />
                <SequencePoint vc="0" uspid="311" ordinal="52" sl="311" sc="1" el="311" ec="2" bec="0" bev="0" fileid="2" />
              </SequencePoints>
              <BranchPoints>
                <BranchPoint vc="0" uspid="239" ordinal="0" path="0" offset="9" offsetend="11" sl="239" fileid="2" />
                <BranchPoint vc="0" uspid="242" ordinal="2" path="0" offset="26" offsetend="28" sl="242" fileid="2" />
                <BranchPoint vc="0" uspid="242" ordinal="3" path="1" offset="26" offsetend="59" sl="242" fileid="2" />
                <BranchPoint vc="0" uspid="246" ordinal="4" path="0" offset="75" offsetend="77" sl="246" fileid="2" />
                <BranchPoint vc="0" uspid="246" ordinal="5" path="1" offset="75" offsetend="108" sl="246" fileid="2" />
                <BranchPoint vc="0" uspid="239" ordinal="1" path="1" offset="9" offsetend="121" sl="239" fileid="2" />
                <BranchPoint vc="0" uspid="256" ordinal="6" path="0" offset="131" offsetend="136" sl="256" fileid="2" />
                <BranchPoint vc="0" uspid="259" ordinal="8" path="0" offset="153" offsetend="155" sl="259" fileid="2" />
                <BranchPoint vc="0" uspid="259" ordinal="9" path="1" offset="153" offsetend="163" sl="259" fileid="2" />
                <BranchPoint vc="0" uspid="264" ordinal="15" path="1" offset="271" offsetend="184" sl="264" fileid="2" />
                <BranchPoint vc="0" uspid="267" ordinal="10" path="0" offset="206" offsetend="208" sl="267" fileid="2" />
                <BranchPoint vc="0" uspid="267" ordinal="11" path="1" offset="206" offsetend="222" sl="267" fileid="2" />
                <BranchPoint vc="0" uspid="271" ordinal="12" path="0" offset="232" offsetend="234" sl="271" fileid="2" />
                <BranchPoint vc="0" uspid="271" ordinal="13" path="1" offset="232" offsetend="237" sl="271" fileid="2" />
                <BranchPoint vc="0" uspid="264" ordinal="14" path="0" offset="271" offsetend="273" sl="264" fileid="2" />
                <BranchPoint vc="0" uspid="281" ordinal="16" path="0" offset="281" offsetend="283" sl="281" fileid="2" />
                <BranchPoint vc="0" uspid="281" ordinal="17" path="1" offset="281" offsetend="331" sl="281" fileid="2" />
                <BranchPoint vc="0" uspid="288" ordinal="18" path="0" offset="332" offsetend="334" sl="288" fileid="2" />
                <BranchPoint vc="0" uspid="288" ordinal="19" path="1" offset="332" offsetend="345" sl="288" fileid="2" />
                <BranchPoint vc="0" uspid="288" ordinal="20" path="0" offset="350" offsetend="352" sl="288" fileid="2" />
                <BranchPoint vc="0" uspid="293" ordinal="25" path="1" offset="439" offsetend="376" sl="293" fileid="2" />
                <BranchPoint vc="0" uspid="295" ordinal="22" path="0" offset="386" offsetend="388" sl="295" fileid="2" />
                <BranchPoint vc="0" uspid="295" ordinal="23" path="1" offset="386" offsetend="400" sl="295" fileid="2" />
                <BranchPoint vc="0" uspid="293" ordinal="24" path="0" offset="439" offsetend="441" sl="293" fileid="2" />
                <BranchPoint vc="0" uspid="288" ordinal="21" path="1" offset="350" offsetend="452" sl="288" fileid="2" />
                <BranchPoint vc="0" uspid="256" ordinal="7" path="1" offset="131" offsetend="462" sl="256" fileid="2" />
                <BranchPoint vc="0" uspid="310" ordinal="26" path="0" offset="469" offsetend="471" sl="310" fileid="2" />
                <BranchPoint vc="0" uspid="310" ordinal="27" path="1" offset="469" offsetend="478" sl="310" fileid="2" />
              </BranchPoints>
              <MethodPoint vc="0" uspid="0" p8:type="SequencePoint" ordinal="4" offset="4" sc="0" sl="238" ec="1" el="311" bec="0" bev="0" fileid="2" xmlns:p8="xsi" />
            </Method>
            <Method cyclomaticComplexity="6" nPathComplexity="6" sequenceCoverage="0" branchCoverage="0" isConstructor="False" isGetter="False" isSetter="False" isStatic="True">
              <Summary numSequencePoints="10" visitedSequencePoints="0" numBranchPoints="6" visitedBranchPoints="0" sequenceCoverage="0" branchCoverage="0" maxCyclomaticComplexity="6" minCyclomaticComplexity="6" visitedClasses="0" numClasses="0" visitedMethods="0" numMethods="1" />
              <MetadataToken />
              <Name>System.String Microsoft.AspNetCore.OpenApi.Generated.&lt;OpenApiXmlCommentSupport_generated&gt;F63E60F50E3C509889C46EE10867C3A4A27AC563420904D807BA730CA545D5118__DocumentationCommentIdHelper::NormalizeDocId(System.String)</Name>
              <FileRef uid="2" />
              <SequencePoints>
                <SequencePoint vc="0" uspid="320" ordinal="0" sl="320" sc="1" el="320" ec="2" bec="0" bev="0" fileid="2" />
                <SequencePoint vc="0" uspid="322" ordinal="1" sl="322" sc="1" el="322" ec="2" bec="0" bev="0" fileid="2" />
                <SequencePoint vc="0" uspid="323" ordinal="2" sl="323" sc="1" el="323" ec="2" bec="2" bev="0" fileid="2" />
                <SequencePoint vc="0" uspid="324" ordinal="3" sl="324" sc="1" el="324" ec="2" bec="0" bev="0" fileid="2" />
                <SequencePoint vc="0" uspid="326" ordinal="4" sl="326" sc="1" el="326" ec="2" bec="0" bev="0" fileid="2" />
                <SequencePoint vc="0" uspid="331" ordinal="5" sl="331" sc="1" el="331" ec="2" bec="4" bev="0" fileid="2" />
                <SequencePoint vc="0" uspid="332" ordinal="6" sl="332" sc="1" el="332" ec="2" bec="0" bev="0" fileid="2" />
                <SequencePoint vc="0" uspid="333" ordinal="7" sl="333" sc="1" el="333" ec="2" bec="0" bev="0" fileid="2" />
                <SequencePoint vc="0" uspid="337" ordinal="8" sl="337" sc="1" el="337" ec="2" bec="0" bev="0" fileid="2" />
                <SequencePoint vc="0" uspid="338" ordinal="9" sl="338" sc="1" el="338" ec="2" bec="0" bev="0" fileid="2" />
              </SequencePoints>
              <BranchPoints>
                <BranchPoint vc="0" uspid="323" ordinal="0" path="0" offset="16" offsetend="18" sl="323" fileid="2" />
                <BranchPoint vc="0" uspid="323" ordinal="1" path="1" offset="16" offsetend="23" sl="323" fileid="2" />
                <BranchPoint vc="0" uspid="331" ordinal="2" path="0" offset="34" offsetend="36" sl="331" fileid="2" />
                <BranchPoint vc="0" uspid="331" ordinal="3" path="1" offset="34" offsetend="49" sl="331" fileid="2" />
                <BranchPoint vc="0" uspid="331" ordinal="4" path="0" offset="52" offsetend="54" sl="331" fileid="2" />
                <BranchPoint vc="0" uspid="331" ordinal="5" path="1" offset="52" offsetend="59" sl="331" fileid="2" />
              </BranchPoints>
              <MethodPoint vc="0" uspid="0" p8:type="SequencePoint" ordinal="5" offset="5" sc="0" sl="320" ec="1" el="338" bec="0" bev="0" fileid="2" xmlns:p8="xsi" />
            </Method>
          </Methods>
        </Class>
        <Class>
          <Summary numSequencePoints="141" visitedSequencePoints="0" numBranchPoints="98" visitedBranchPoints="0" sequenceCoverage="0" branchCoverage="0" maxCyclomaticComplexity="92" minCyclomaticComplexity="6" visitedClasses="0" numClasses="1" visitedMethods="0" numMethods="2" />
          <FullName>Microsoft.AspNetCore.OpenApi.Generated.&lt;OpenApiXmlCommentSupport_generated&gt;F63E60F50E3C509889C46EE10867C3A4A27AC563420904D807BA730CA545D5118__XmlCommentOperationTransformer</FullName>
          <Methods>
            <Method cyclomaticComplexity="92" nPathComplexity="92" sequenceCoverage="0" branchCoverage="0" isConstructor="False" isGetter="False" isSetter="False" isStatic="True">
              <Summary numSequencePoints="127" visitedSequencePoints="0" numBranchPoints="92" visitedBranchPoints="0" sequenceCoverage="0" branchCoverage="0" maxCyclomaticComplexity="92" minCyclomaticComplexity="92" visitedClasses="0" numClasses="0" visitedMethods="0" numMethods="1" />
              <MetadataToken />
              <Name>System.Threading.Tasks.Task Microsoft.AspNetCore.OpenApi.Generated.&lt;OpenApiXmlCommentSupport_generated&gt;F63E60F50E3C509889C46EE10867C3A4A27AC563420904D807BA730CA545D5118__XmlCommentOperationTransformer::TransformAsync(Microsoft.OpenApi.OpenApiOperation,Microsoft.AspNetCore.OpenApi.OpenApiOperationTransformerContext,System.Threading.CancellationToken)</Name>
              <FileRef uid="2" />
              <SequencePoints>
                <SequencePoint vc="0" uspid="345" ordinal="0" sl="345" sc="1" el="345" ec="2" bec="0" bev="0" fileid="2" />
                <SequencePoint vc="0" uspid="346" ordinal="1" sl="346" sc="1" el="346" ec="2" bec="2" bev="0" fileid="2" />
                <SequencePoint vc="0" uspid="347" ordinal="2" sl="347" sc="1" el="347" ec="2" bec="0" bev="0" fileid="2" />
                <SequencePoint vc="0" uspid="348" ordinal="3" sl="348" sc="1" el="348" ec="2" bec="0" bev="0" fileid="2" />
                <SequencePoint vc="0" uspid="350" ordinal="4" sl="350" sc="1" el="350" ec="2" bec="2" bev="0" fileid="2" />
                <SequencePoint vc="0" uspid="351" ordinal="5" sl="351" sc="1" el="351" ec="2" bec="0" bev="0" fileid="2" />
                <SequencePoint vc="0" uspid="352" ordinal="6" sl="352" sc="1" el="352" ec="2" bec="0" bev="0" fileid="2" />
                <SequencePoint vc="0" uspid="354" ordinal="7" sl="354" sc="1" el="354" ec="2" bec="2" bev="0" fileid="2" />
                <SequencePoint vc="0" uspid="355" ordinal="8" sl="355" sc="1" el="355" ec="2" bec="0" bev="0" fileid="2" />
                <SequencePoint vc="0" uspid="356" ordinal="9" sl="356" sc="1" el="356" ec="2" bec="2" bev="0" fileid="2" />
                <SequencePoint vc="0" uspid="357" ordinal="10" sl="357" sc="1" el="357" ec="2" bec="0" bev="0" fileid="2" />
[...]
                <SequencePoint vc="5" uspid="128" ordinal="13" sl="128" sc="1" el="128" ec="2" bec="0" bev="0" fileid="26" />
                <SequencePoint vc="5" uspid="129" ordinal="14" sl="129" sc="1" el="129" ec="2" bec="0" bev="0" fileid="26" />
                <SequencePoint vc="5" uspid="130" ordinal="15" sl="130" sc="1" el="130" ec="2" bec="0" bev="0" fileid="26" />
                <SequencePoint vc="5" uspid="131" ordinal="16" sl="131" sc="1" el="131" ec="2" bec="0" bev="0" fileid="26" />
                <SequencePoint vc="5" uspid="132" ordinal="17" sl="132" sc="1" el="132" ec="2" bec="0" bev="0" fileid="26" />
                <SequencePoint vc="12" uspid="133" ordinal="18" sl="133" sc="1" el="133" ec="2" bec="0" bev="0" fileid="26" />
              </SequencePoints>
              <BranchPoints>
                <BranchPoint vc="11" uspid="110" ordinal="0" path="0" offset="45" offsetend="47" sl="110" fileid="26" />
                <BranchPoint vc="1" uspid="110" ordinal="1" path="1" offset="45" offsetend="65" sl="110" fileid="26" />
                <BranchPoint vc="2" uspid="110" ordinal="2" path="0" offset="68" offsetend="70" sl="110" fileid="26" />
                <BranchPoint vc="10" uspid="110" ordinal="3" path="1" offset="68" offsetend="125" sl="110" fileid="26" />
                <BranchPoint vc="9" uspid="119" ordinal="4" path="0" offset="410" offsetend="412" sl="119" fileid="26" />
                <BranchPoint vc="1" uspid="119" ordinal="5" path="1" offset="410" offsetend="444" sl="119" fileid="26" />
                <BranchPoint vc="5" uspid="119" ordinal="6" path="0" offset="449" offsetend="451" sl="119" fileid="26" />
                <BranchPoint vc="5" uspid="119" ordinal="7" path="1" offset="449" offsetend="521" sl="119" fileid="26" />
              </BranchPoints>
              <MethodPoint vc="19" uspid="0" p8:type="SequencePoint" ordinal="0" offset="0" sc="0" sl="109" ec="1" el="133" bec="0" bev="0" fileid="26" xmlns:p8="xsi" />
            </Method>
          </Methods>
        </Class>
        <Class>
          <Summary numSequencePoints="47" visitedSequencePoints="47" numBranchPoints="20" visitedBranchPoints="19" sequenceCoverage="100" branchCoverage="95" maxCyclomaticComplexity="20" minCyclomaticComplexity="20" visitedClasses="1" numClasses="1" visitedMethods="1" numMethods="1" />
          <FullName>UserService.Controllers.UsersController/&lt;Register&gt;d__7</FullName>
          <Methods>
            <Method cyclomaticComplexity="20" nPathComplexity="20" sequenceCoverage="100" branchCoverage="95" isConstructor="False" isGetter="False" isSetter="False" isStatic="True">
              <Summary numSequencePoints="47" visitedSequencePoints="47" numBranchPoints="20" visitedBranchPoints="19" sequenceCoverage="100" branchCoverage="95" maxCyclomaticComplexity="20" minCyclomaticComplexity="20" visitedClasses="0" numClasses="0" visitedMethods="1" numMethods="1" />
              <MetadataToken />
              <Name>System.Void UserService.Controllers.UsersController/&lt;Register&gt;d__7::MoveNext()</Name>
              <FileRef uid="26" />
              <SequencePoints>
                <SequencePoint vc="57" uspid="38" ordinal="0" sl="38" sc="1" el="38" ec="2" bec="0" bev="0" fileid="26" />
                <SequencePoint vc="57" uspid="39" ordinal="1" sl="39" sc="1" el="39" ec="2" bec="2" bev="2" fileid="26" />
                <SequencePoint vc="1" uspid="40" ordinal="2" sl="40" sc="1" el="40" ec="2" bec="0" bev="0" fileid="26" />
                <SequencePoint vc="1" uspid="41" ordinal="3" sl="41" sc="1" el="41" ec="2" bec="0" bev="0" fileid="26" />
                <SequencePoint vc="56" uspid="45" ordinal="4" sl="45" sc="1" el="45" ec="2" bec="4" bev="4" fileid="26" />
                <SequencePoint vc="5" uspid="46" ordinal="5" sl="46" sc="1" el="46" ec="2" bec="0" bev="0" fileid="26" />
                <SequencePoint vc="5" uspid="47" ordinal="6" sl="47" sc="1" el="47" ec="2" bec="0" bev="0" fileid="26" />
                <SequencePoint vc="5" uspid="48" ordinal="7" sl="48" sc="1" el="48" ec="2" bec="0" bev="0" fileid="26" />
                <SequencePoint vc="51" uspid="52" ordinal="8" sl="52" sc="1" el="52" ec="2" bec="0" bev="0" fileid="26" />
                <SequencePoint vc="51" uspid="53" ordinal="9" sl="53" sc="1" el="53" ec="2" bec="2" bev="2" fileid="26" />
                <SequencePoint vc="7" uspid="54" ordinal="10" sl="54" sc="1" el="54" ec="2" bec="0" bev="0" fileid="26" />
                <SequencePoint vc="7" uspid="55" ordinal="11" sl="55" sc="1" el="55" ec="2" bec="0" bev="0" fileid="26" />
                <SequencePoint vc="7" uspid="56" ordinal="12" sl="56" sc="1" el="56" ec="2" bec="0" bev="0" fileid="26" />
                <SequencePoint vc="44" uspid="60" ordinal="13" sl="60" sc="1" el="60" ec="2" bec="2" bev="2" fileid="26" />
                <SequencePoint vc="2" uspid="61" ordinal="14" sl="61" sc="1" el="61" ec="2" bec="0" bev="0" fileid="26" />
                <SequencePoint vc="2" uspid="62" ordinal="15" sl="62" sc="1" el="62" ec="2" bec="0" bev="0" fileid="26" />
                <SequencePoint vc="42" uspid="66" ordinal="16" sl="66" sc="1" el="66" ec="2" bec="4" bev="3" fileid="26" />
                <SequencePoint vc="42" uspid="67" ordinal="17" sl="67" sc="1" el="67" ec="2" bec="0" bev="0" fileid="26" />
                <SequencePoint vc="3" uspid="68" ordinal="18" sl="68" sc="1" el="68" ec="2" bec="0" bev="0" fileid="26" />
                <SequencePoint vc="3" uspid="69" ordinal="19" sl="69" sc="1" el="69" ec="2" bec="0" bev="0" fileid="26" />
                <SequencePoint vc="39" uspid="72" ordinal="20" sl="72" sc="1" el="72" ec="2" bec="2" bev="2" fileid="26" />
                <SequencePoint vc="2" uspid="73" ordinal="21" sl="73" sc="1" el="73" ec="2" bec="0" bev="0" fileid="26" />
                <SequencePoint vc="2" uspid="74" ordinal="22" sl="74" sc="1" el="74" ec="2" bec="0" bev="0" fileid="26" />
                <SequencePoint vc="2" uspid="75" ordinal="23" sl="75" sc="1" el="75" ec="2" bec="0" bev="0" fileid="26" />
                <SequencePoint vc="37" uspid="78" ordinal="24" sl="78" sc="1" el="78" ec="2" bec="4" bev="4" fileid="26" />
                <SequencePoint vc="37" uspid="79" ordinal="25" sl="79" sc="1" el="79" ec="2" bec="0" bev="0" fileid="26" />
                <SequencePoint vc="37" uspid="80" ordinal="26" sl="80" sc="1" el="80" ec="2" bec="0" bev="0" fileid="26" />
                <SequencePoint vc="37" uspid="81" ordinal="27" sl="81" sc="1" el="81" ec="2" bec="0" bev="0" fileid="26" />
                <SequencePoint vc="37" uspid="82" ordinal="28" sl="82" sc="1" el="82" ec="2" bec="0" bev="0" fileid="26" />
                <SequencePoint vc="37" uspid="83" ordinal="29" sl="83" sc="1" el="83" ec="2" bec="0" bev="0" fileid="26" />
                <SequencePoint vc="37" uspid="84" ordinal="30" sl="84" sc="1" el="84" ec="2" bec="0" bev="0" fileid="26" />
                <SequencePoint vc="37" uspid="85" ordinal="31" sl="85" sc="1" el="85" ec="2" bec="0" bev="0" fileid="26" />
                <SequencePoint vc="37" uspid="86" ordinal="32" sl="86" sc="1" el="86" ec="2" bec="0" bev="0" fileid="26" />
                <SequencePoint vc="37" uspid="87" ordinal="33" sl="87" sc="1" el="87" ec="2" bec="0" bev="0" fileid="26" />
                <SequencePoint vc="37" uspid="88" ordinal="34" sl="88" sc="1" el="88" ec="2" bec="0" bev="0" fileid="26" />
                <SequencePoint vc="37" uspid="90" ordinal="35" sl="90" sc="1" el="90" ec="2" bec="0" bev="0" fileid="26" />
                <SequencePoint vc="37" uspid="91" ordinal="36" sl="91" sc="1" el="91" ec="2" bec="0" bev="0" fileid="26" />
                <SequencePoint vc="37" uspid="93" ordinal="37" sl="93" sc="1" el="93" ec="2" bec="0" bev="0" fileid="26" />
                <SequencePoint vc="37" uspid="95" ordinal="38" sl="95" sc="1" el="95" ec="2" bec="0" bev="0" fileid="26" />
                <SequencePoint vc="37" uspid="96" ordinal="39" sl="96" sc="1" el="96" ec="2" bec="0" bev="0" fileid="26" />
                <SequencePoint vc="37" uspid="97" ordinal="40" sl="97" sc="1" el="97" ec="2" bec="0" bev="0" fileid="26" />
                <SequencePoint vc="37" uspid="98" ordinal="41" sl="98" sc="1" el="98" ec="2" bec="0" bev="0" fileid="26" />
                <SequencePoint vc="37" uspid="99" ordinal="42" sl="99" sc="1" el="99" ec="2" bec="0" bev="0" fileid="26" />
                <SequencePoint vc="37" uspid="100" ordinal="43" sl="100" sc="1" el="100" ec="2" bec="0" bev="0" fileid="26" />
                <SequencePoint vc="37" uspid="101" ordinal="44" sl="101" sc="1" el="101" ec="2" bec="0" bev="0" fileid="26" />
                <SequencePoint vc="37" uspid="102" ordinal="45" sl="102" sc="1" el="102" ec="2" bec="0" bev="0" fileid="26" />
                <SequencePoint vc="57" uspid="103" ordinal="46" sl="103" sc="1" el="103" ec="2" bec="0" bev="0" fileid="26" />
              </SequencePoints>
              <BranchPoints>
                <BranchPoint vc="1" uspid="39" ordinal="0" path="0" offset="64" offsetend="66" sl="39" fileid="26" />
                <BranchPoint vc="56" uspid="39" ordinal="1" path="1" offset="64" offsetend="99" sl="39" fileid="26" />
                <BranchPoint vc="52" uspid="45" ordinal="2" path="0" offset="115" offsetend="117" sl="45" fileid="26" />
                <BranchPoint vc="4" uspid="45" ordinal="3" path="1" offset="115" offsetend="135" sl="45" fileid="26" />
                <BranchPoint vc="5" uspid="45" ordinal="4" path="0" offset="138" offsetend="140" sl="45" fileid="26" />
                <BranchPoint vc="51" uspid="45" ordinal="5" path="1" offset="138" offsetend="195" sl="45" fileid="26" />
                <BranchPoint vc="7" uspid="53" ordinal="6" path="0" offset="255" offsetend="257" sl="53" fileid="26" />
                <BranchPoint vc="44" uspid="53" ordinal="7" path="1" offset="255" offsetend="327" sl="53" fileid="26" />
                <BranchPoint vc="2" uspid="60" ordinal="8" path="0" offset="350" offsetend="352" sl="60" fileid="26" />
                <BranchPoint vc="42" uspid="60" ordinal="9" path="1" offset="350" offsetend="380" sl="60" fileid="26" />
                <BranchPoint vc="42" uspid="66" ordinal="10" path="0" offset="402" offsetend="404" sl="66" fileid="26" />
                <BranchPoint vc="0" uspid="66" ordinal="11" path="1" offset="402" offsetend="430" sl="66" fileid="26" />
                <BranchPoint vc="3" uspid="66" ordinal="12" path="0" offset="435" offsetend="437" sl="66" fileid="26" />
                <BranchPoint vc="39" uspid="66" ordinal="13" path="1" offset="435" offsetend="465" sl="66" fileid="26" />
                <BranchPoint vc="2" uspid="72" ordinal="14" path="0" offset="706" offsetend="708" sl="72" fileid="26" />
                <BranchPoint vc="37" uspid="72" ordinal="15" path="1" offset="706" offsetend="763" sl="72" fileid="26" />
                <BranchPoint vc="2" uspid="78" ordinal="16" path="0" offset="840" offsetend="842" sl="78" fileid="26" />
                <BranchPoint vc="37" uspid="78" ordinal="17" path="1" offset="840" offsetend="848" sl="78" fileid="26" />
                <BranchPoint vc="2" uspid="78" ordinal="18" path="0" offset="872" offsetend="874" sl="78" fileid="26" />
                <BranchPoint vc="37" uspid="78" ordinal="19" path="1" offset="872" offsetend="880" sl="78" fileid="26" />
              </BranchPoints>
              <MethodPoint vc="47" uspid="0" p8:type="SequencePoint" ordinal="0" offset="0" sc="0" sl="38" ec="1" el="103" bec="0" bev="0" fileid="26" xmlns:p8="xsi" />
            </Method>
          </Methods>
        </Class>
        <Class>
          <Summary numSequencePoints="15" visitedSequencePoints="15" numBranchPoints="4" visitedBranchPoints="4" sequenceCoverage="100" branchCoverage="100" maxCyclomaticComplexity="4" minCyclomaticComplexity="4" visitedClasses="1" numClasses="1" visitedMethods="1" numMethods="1" />
          <FullName>UserService.Controllers.UsersController/&lt;VerifyEmail&gt;d__10</FullName>
          <Methods>
            <Method cyclomaticComplexity="4" nPathComplexity="4" sequenceCoverage="100" branchCoverage="100" isConstructor="False" isGetter="False" isSetter="False" isStatic="True">
              <Summary numSequencePoints="15" visitedSequencePoints="15" numBranchPoints="4" visitedBranchPoints="4" sequenceCoverage="100" branchCoverage="100" maxCyclomaticComplexity="4" minCyclomaticComplexity="4" visitedClasses="0" numClasses="0" visitedMethods="1" numMethods="1" />
              <MetadataToken />
              <Name>System.Void UserService.Controllers.UsersController/&lt;VerifyEmail&gt;d__10::MoveNext()</Name>
              <FileRef uid="26" />
              <SequencePoints>
                <SequencePoint vc="6" uspid="165" ordinal="0" sl="165" sc="1" el="165" ec="2" bec="0" bev="0" fileid="26" />
                <SequencePoint vc="6" uspid="166" ordinal="1" sl="166" sc="1" el="166" ec="2" bec="2" bev="2" fileid="26" />
                <SequencePoint vc="1" uspid="167" ordinal="2" sl="167" sc="1" el="167" ec="2" bec="0" bev="0" fileid="26" />
                <SequencePoint vc="1" uspid="168" ordinal="3" sl="168" sc="1" el="168" ec="2" bec="0" bev="0" fileid="26" />
                <SequencePoint vc="5" uspid="171" ordinal="4" sl="171" sc="1" el="171" ec="2" bec="0" bev="0" fileid="26" />
                <SequencePoint vc="5" uspid="172" ordinal="5" sl="172" sc="1" el="172" ec="2" bec="2" bev="2" fileid="26" />
                <SequencePoint vc="1" uspid="173" ordinal="6" sl="173" sc="1" el="173" ec="2" bec="0" bev="0" fileid="26" />
                <SequencePoint vc="1" uspid="174" ordinal="7" sl="174" sc="1" el="174" ec="2" bec="0" bev="0" fileid="26" />
                <SequencePoint vc="1" uspid="175" ordinal="8" sl="175" sc="1" el="175" ec="2" bec="0" bev="0" fileid="26" />
                <SequencePoint vc="4" uspid="178" ordinal="9" sl="178" sc="1" el="178" ec="2" bec="0" bev="0" fileid="26" />
                <SequencePoint vc="4" uspid="179" ordinal="10" sl="179" sc="1" el="179" ec="2" bec="0" bev="0" fileid="26" />
                <SequencePoint vc="4" uspid="180" ordinal="11" sl="180" sc="1" el="180" ec="2" bec="0" bev="0" fileid="26" />
                <SequencePoint vc="4" uspid="182" ordinal="12" sl="182" sc="1" el="182" ec="2" bec="0" bev="0" fileid="26" />
                <SequencePoint vc="4" uspid="183" ordinal="13" sl="183" sc="1" el="183" ec="2" bec="0" bev="0" fileid="26" />
                <SequencePoint vc="6" uspid="184" ordinal="14" sl="184" sc="1" el="184" ec="2" bec="0" bev="0" fileid="26" />
              </SequencePoints>
              <BranchPoints>
                <BranchPoint vc="1" uspid="166" ordinal="0" path="0" offset="52" offsetend="54" sl="166" fileid="26" />
                <BranchPoint vc="5" uspid="166" ordinal="1" path="1" offset="52" offsetend="82" sl="166" fileid="26" />
                <BranchPoint vc="1" uspid="172" ordinal="2" path="0" offset="260" offsetend="262" sl="172" fileid="26" />
                <BranchPoint vc="4" uspid="172" ordinal="3" path="1" offset="260" offsetend="337" sl="172" fileid="26" />
              </BranchPoints>
              <MethodPoint vc="15" uspid="0" p8:type="SequencePoint" ordinal="0" offset="0" sc="0" sl="165" ec="1" el="184" bec="0" bev="0" fileid="26" xmlns:p8="xsi" />
            </Method>
          </Methods>
        </Class>
        <Class>
          <Summary numSequencePoints="1" visitedSequencePoints="1" numBranchPoints="0" visitedBranchPoints="0" sequenceCoverage="100" branchCoverage="100" maxCyclomaticComplexity="1" minCyclomaticComplexity="1" visitedClasses="1" numClasses="1" visitedMethods="1" numMethods="1" />
          <FullName>UserService.Controllers.RegisterRequest</FullName>
          <Methods>
            <Method cyclomaticComplexity="1" nPathComplexity="1" sequenceCoverage="100" branchCoverage="100" isConstructor="False" isGetter="True" isSetter="False" isStatic="True">
              <Summary numSequencePoints="1" visitedSequencePoints="1" numBranchPoints="0" visitedBranchPoints="0" sequenceCoverage="100" branchCoverage="100" maxCyclomaticComplexity="1" minCyclomaticComplexity="1" visitedClasses="0" numClasses="0" visitedMethods="1" numMethods="1" />
              <MetadataToken />
              <Name>System.String UserService.Controllers.RegisterRequest::get_Email()</Name>
              <FileRef uid="26" />
              <SequencePoints>
                <SequencePoint vc="435" uspid="274" ordinal="0" sl="274" sc="1" el="274" ec="2" bec="0" bev="0" fileid="26" />
              </SequencePoints>
              <BranchPoints />
              <MethodPoint vc="1" uspid="0" p8:type="SequencePoint" ordinal="0" offset="0" sc="0" sl="274" ec="1" el="274" bec="0" bev="0" fileid="26" xmlns:p8="xsi" />
            </Method>
          </Methods>
        </Class>
        <Class>
          <Summary numSequencePoints="1" visitedSequencePoints="1" numBranchPoints="0" visitedBranchPoints="0" sequenceCoverage="100" branchCoverage="100" maxCyclomaticComplexity="1" minCyclomaticComplexity="1" visitedClasses="1" numClasses="1" visitedMethods="1" numMethods="1" />
          <FullName>UserService.Controllers.LoginRequest</FullName>
          <Methods>
            <Method cyclomaticComplexity="1" nPathComplexity="1" sequenceCoverage="100" branchCoverage="100" isConstructor="False" isGetter="True" isSetter="False" isStatic="True">
              <Summary numSequencePoints="1" visitedSequencePoints="1" numBranchPoints="0" visitedBranchPoints="0" sequenceCoverage="100" branchCoverage="100" maxCyclomaticComplexity="1" minCyclomaticComplexity="1" visitedClasses="0" numClasses="0" visitedMethods="1" numMethods="1" />
              <MetadataToken />
              <Name>System.String UserService.Controllers.LoginRequest::get_Email()</Name>
              <FileRef uid="26" />
              <SequencePoints>
                <SequencePoint vc="62" uspid="275" ordinal="0" sl="275" sc="1" el="275" ec="2" bec="0" bev="0" fileid="26" />
              </SequencePoints>
              <BranchPoints />
              <MethodPoint vc="1" uspid="0" p8:type="SequencePoint" ordinal="0" offset="0" sc="0" sl="275" ec="1" el="275" bec="0" bev="0" fileid="26" xmlns:p8="xsi" />
            </Method>
          </Methods>
        </Class>
        <Class>
          <Summary numSequencePoints="1" visitedSequencePoints="1" numBranchPoints="0" visitedBranchPoints="0" sequenceCoverage="100" branchCoverage="100" maxCyclomaticComplexity="1" minCyclomaticComplexity="1" visitedClasses="1" numClasses="1" visitedMethods="1" numMethods="1" />
          <FullName>UserService.Controllers.VerifyEmailRequest</FullName>
          <Methods>
            <Method cyclomaticComplexity="1" nPathComplexity="1" sequenceCoverage="100" branchCoverage="100" isConstructor="False" isGetter="True" isSetter="False" isStatic="True">
              <Summary numSequencePoints="1" visitedSequencePoints="1" numBranchPoints="0" visitedBranchPoints="0" sequenceCoverage="100" branchCoverage="100" maxCyclomaticComplexity="1" minCyclomaticComplexity="1" visitedClasses="0" numClasses="0" visitedMethods="1" numMethods="1" />
              <MetadataToken />
              <Name>System.Guid UserService.Controllers.VerifyEmailRequest::get_UserId()</Name>
              <FileRef uid="26" />
              <SequencePoints>
                <SequencePoint vc="24" uspid="276" ordinal="0" sl="276" sc="1" el="276" ec="2" bec="0" bev="0" fileid="26" />
              </SequencePoints>
              <BranchPoints />
              <MethodPoint vc="1" uspid="0" p8:type="SequencePoint" ordinal="0" offset="0" sc="0" sl="276" ec="1" el="276" bec="0" bev="0" fileid="26" xmlns:p8="xsi" />
            </Method>
          </Methods>
        </Class>
      </Classes>
    </Module>
  </Modules>
</CoverageSession>